{"D:\\Projects\\Tauri\\ProjectFlow\\src\\components\\features\\dashboard\\Dashboard.vue": {"path":"D:\\Projects\\Tauri\\ProjectFlow\\src\\components\\features\\dashboard\\Dashboard.vue","statementMap":{"0":{"start":{"line":7,"column":6},"end":{"line":7,"column":null}},"1":{"start":{"line":8,"column":6},"end":{"line":8,"column":null}},"2":{"start":{"line":10,"column":6},"end":{"line":24,"column":null}},"3":{"start":{"line":11,"column":24},"end":{"line":11,"column":null}},"4":{"start":{"line":12,"column":25},"end":{"line":12,"column":null}},"5":{"start":{"line":13,"column":28},"end":{"line":13,"column":null}},"6":{"start":{"line":14,"column":21},"end":{"line":14,"column":null}},"7":{"start":{"line":15,"column":25},"end":{"line":15,"column":null}},"8":{"start":{"line":15,"column":54},"end":{"line":15,"column":68}},"9":{"start":{"line":17,"column":2},"end":{"line":23,"column":null}},"10":{"start":{"line":26,"column":6},"end":{"line":28,"column":null}},"11":{"start":{"line":27,"column":2},"end":{"line":27,"column":null}},"12":{"start":{"line":30,"column":0},"end":{"line":41,"column":null}},"13":{"start":{"line":31,"column":2},"end":{"line":31,"column":null}},"14":{"start":{"line":33,"column":2},"end":{"line":40,"column":null}},"15":{"start":{"line":34,"column":4},"end":{"line":39,"column":null}},"16":{"start":{"line":35,"column":20},"end":{"line":35,"column":null}},"17":{"start":{"line":36,"column":6},"end":{"line":36,"column":null}},"18":{"start":{"line":38,"column":6},"end":{"line":38,"column":null}},"19":{"start":{"line":45,"column":7},"end":{"line":108,"column":null}},"20":{"start":{"line":125,"column":17},"end":{"line":161,"column":null}},"21":{"start":{"line":132,"column":37},"end":{"line":132,"column":61}},"22":{"start":{"line":137,"column":28},"end":{"line":161,"column":null}},"23":{"start":{"line":148,"column":73},"end":{"line":148,"column":null}},"24":{"start":{"line":149,"column":23},"end":{"line":149,"column":null}},"25":{"start":{"line":149,"column":104},"end":{"line":149,"column":null}}},"fnMap":{"0":{"name":"(anonymous_0)","decl":{"start":{"line":10,"column":23},"end":{"line":10,"column":29}},"loc":{"start":{"line":10,"column":29},"end":{"line":24,"column":1}},"line":10},"1":{"name":"(anonymous_1)","decl":{"start":{"line":15,"column":47},"end":{"line":15,"column":48}},"loc":{"start":{"line":15,"column":54},"end":{"line":15,"column":68}},"line":15},"2":{"name":"(anonymous_2)","decl":{"start":{"line":26,"column":32},"end":{"line":26,"column":38}},"loc":{"start":{"line":26,"column":38},"end":{"line":28,"column":1}},"line":26},"3":{"name":"(anonymous_3)","decl":{"start":{"line":30,"column":10},"end":{"line":30,"column":22}},"loc":{"start":{"line":30,"column":22},"end":{"line":41,"column":1}},"line":30},"4":{"name":"(anonymous_4)","decl":{"start":{"line":132,"column":35},"end":{"line":132,"column":37}},"loc":{"start":{"line":132,"column":37},"end":{"line":132,"column":61}},"line":132},"5":{"name":"(anonymous_5)","decl":{"start":{"line":132,"column":8},"end":{"line":132,"column":16}},"loc":{"start":{"line":132,"column":77},"end":{"line":132,"column":77}},"line":132},"6":{"name":"(anonymous_6)","decl":{"start":{"line":137,"column":42},"end":{"line":137,"column":null}},"loc":{"start":{"line":137,"column":24},"end":{"line":161,"column":null}},"line":137}},"branchMap":{"0":{"loc":{"start":{"line":125,"column":17},"end":{"line":161,"column":null}},"type":"if","locations":[{"start":{"line":125,"column":17},"end":{"line":161,"column":null}}],"line":125},"1":{"loc":{"start":{"line":149,"column":23},"end":{"line":149,"column":null}},"type":"if","locations":[{"start":{"line":149,"column":23},"end":{"line":149,"column":null}},{"start":{"line":149,"column":123},"end":{"line":149,"column":null}}],"line":149}},"s":{"0":0,"1":0,"2":0,"3":0,"4":0,"5":0,"6":0,"7":0,"8":0,"9":0,"10":0,"11":0,"12":0,"13":0,"14":0,"15":0,"16":0,"17":0,"18":0,"19":0,"20":0,"21":0,"22":0,"23":0,"24":0,"25":0},"f":{"0":0,"1":0,"2":0,"3":0,"4":0,"5":0,"6":0},"b":{"0":[0],"1":[0,0]},"meta":{"lastBranch":2,"lastFunction":7,"lastStatement":26,"seen":{"s:7:6:7:Infinity":0,"s:8:6:8:Infinity":1,"s:10:6:24:Infinity":2,"f:10:23:10:29":0,"s:11:24:11:Infinity":3,"s:12:25:12:Infinity":4,"s:13:28:13:Infinity":5,"s:14:21:14:Infinity":6,"s:15:25:15:Infinity":7,"f:15:47:15:48":1,"s:15:54:15:68":8,"s:17:2:23:Infinity":9,"s:26:6:28:Infinity":10,"f:26:32:26:38":2,"s:27:2:27:Infinity":11,"s:30:0:41:Infinity":12,"f:30:10:30:22":3,"s:31:2:31:Infinity":13,"s:33:2:40:Infinity":14,"s:34:4:39:Infinity":15,"s:35:20:35:Infinity":16,"s:36:6:36:Infinity":17,"s:38:6:38:Infinity":18,"s:45:7:108:Infinity":19,"b:125:17:161:Infinity":0,"s:125:17:161:Infinity":20,"f:132:35:132:37":4,"s:132:37:132:61":21,"f:132:8:132:16":5,"s:137:28:161:Infinity":22,"f:137:42:137:Infinity":6,"s:148:73:148:Infinity":23,"b:149:23:149:Infinity:149:123:149:Infinity":1,"s:149:23:149:Infinity":24,"s:149:104:149:Infinity":25}}}
,"D:\\Projects\\Tauri\\ProjectFlow\\src\\components\\features\\documents\\DocumentCenter.vue": {"path":"D:\\Projects\\Tauri\\ProjectFlow\\src\\components\\features\\documents\\DocumentCenter.vue","statementMap":{"0":{"start":{"line":12,"column":6},"end":{"line":12,"column":null}},"1":{"start":{"line":13,"column":6},"end":{"line":13,"column":null}},"2":{"start":{"line":15,"column":6},"end":{"line":15,"column":null}},"3":{"start":{"line":16,"column":6},"end":{"line":16,"column":null}},"4":{"start":{"line":17,"column":6},"end":{"line":17,"column":null}},"5":{"start":{"line":18,"column":6},"end":{"line":22,"column":null}},"6":{"start":{"line":24,"column":6},"end":{"line":24,"column":null}},"7":{"start":{"line":25,"column":22},"end":{"line":32,"column":null}},"8":{"start":{"line":34,"column":6},"end":{"line":37,"column":null}},"9":{"start":{"line":35,"column":2},"end":{"line":35,"column":null}},"10":{"start":{"line":35,"column":28},"end":{"line":35,"column":null}},"11":{"start":{"line":36,"column":2},"end":{"line":36,"column":null}},"12":{"start":{"line":39,"column":0},"end":{"line":42,"column":null}},"13":{"start":{"line":40,"column":2},"end":{"line":40,"column":null}},"14":{"start":{"line":41,"column":2},"end":{"line":41,"column":null}},"15":{"start":{"line":44,"column":6},"end":{"line":44,"column":null}},"16":{"start":{"line":44,"column":33},"end":{"line":44,"column":56}},"17":{"start":{"line":45,"column":6},"end":{"line":45,"column":null}},"18":{"start":{"line":45,"column":34},"end":{"line":45,"column":63}},"19":{"start":{"line":48,"column":2},"end":{"line":48,"column":null}},"20":{"start":{"line":48,"column":39},"end":{"line":48,"column":null}},"21":{"start":{"line":50,"column":2},"end":{"line":60,"column":null}},"22":{"start":{"line":51,"column":4},"end":{"line":55,"column":null}},"23":{"start":{"line":56,"column":4},"end":{"line":56,"column":null}},"24":{"start":{"line":57,"column":4},"end":{"line":57,"column":null}},"25":{"start":{"line":59,"column":4},"end":{"line":59,"column":null}},"26":{"start":{"line":64,"column":2},"end":{"line":64,"column":null}},"27":{"start":{"line":64,"column":12},"end":{"line":64,"column":null}},"28":{"start":{"line":65,"column":2},"end":{"line":65,"column":null}},"29":{"start":{"line":66,"column":2},"end":{"line":66,"column":null}},"30":{"start":{"line":67,"column":2},"end":{"line":67,"column":null}},"31":{"start":{"line":68,"column":2},"end":{"line":68,"column":null}},"32":{"start":{"line":72,"column":2},"end":{"line":72,"column":null}},"33":{"start":{"line":72,"column":25},"end":{"line":72,"column":null}},"34":{"start":{"line":74,"column":2},"end":{"line":82,"column":null}},"35":{"start":{"line":75,"column":4},"end":{"line":79,"column":null}},"36":{"start":{"line":81,"column":4},"end":{"line":81,"column":null}},"37":{"start":{"line":86,"column":2},"end":{"line":92,"column":null}},"38":{"start":{"line":87,"column":4},"end":{"line":91,"column":null}},"39":{"start":{"line":88,"column":6},"end":{"line":88,"column":null}},"40":{"start":{"line":90,"column":6},"end":{"line":90,"column":null}},"41":{"start":{"line":96,"column":2},"end":{"line":96,"column":null}},"42":{"start":{"line":97,"column":2},"end":{"line":97,"column":null}},"43":{"start":{"line":102,"column":7},"end":{"line":102,"column":null}},"44":{"start":{"line":107,"column":34},"end":{"line":107,"column":null}},"45":{"start":{"line":115,"column":19},"end":{"line":137,"column":null}},"46":{"start":{"line":120,"column":26},"end":{"line":137,"column":null}},"47":{"start":{"line":135,"column":81},"end":{"line":135,"column":null}},"48":{"start":{"line":136,"column":30},"end":{"line":137,"column":null}},"49":{"start":{"line":137,"column":23},"end":{"line":137,"column":null}},"50":{"start":{"line":137,"column":55},"end":{"line":137,"column":77}},"51":{"start":{"line":157,"column":18},"end":{"line":226,"column":null}},"52":{"start":{"line":178,"column":23},"end":{"line":197,"column":null}},"53":{"start":{"line":213,"column":23},"end":{"line":213,"column":null}},"54":{"start":{"line":215,"column":29},"end":{"line":215,"column":null}},"55":{"start":{"line":224,"column":23},"end":{"line":226,"column":null}},"56":{"start":{"line":234,"column":57},"end":{"line":234,"column":null}},"57":{"start":{"line":238,"column":26},"end":{"line":238,"column":45}},"58":{"start":{"line":242,"column":27},"end":{"line":242,"column":null}},"59":{"start":{"line":244,"column":38},"end":{"line":245,"column":null}},"60":{"start":{"line":244,"column":80},"end":{"line":245,"column":null}},"61":{"start":{"line":244,"column":12},"end":{"line":245,"column":null}},"62":{"start":{"line":250,"column":60},"end":{"line":250,"column":85}},"63":{"start":{"line":251,"column":18},"end":{"line":251,"column":43}},"64":{"start":{"line":243,"column":45},"end":{"line":245,"column":null}},"65":{"start":{"line":250,"column":87},"end":{"line":250,"column":96}},"66":{"start":{"line":251,"column":34},"end":{"line":251,"column":43}}},"fnMap":{"0":{"name":"(anonymous_0)","decl":{"start":{"line":34,"column":33},"end":{"line":34,"column":39}},"loc":{"start":{"line":34,"column":39},"end":{"line":37,"column":1}},"line":34},"1":{"name":"(anonymous_1)","decl":{"start":{"line":39,"column":10},"end":{"line":39,"column":22}},"loc":{"start":{"line":39,"column":22},"end":{"line":42,"column":1}},"line":39},"2":{"name":"(anonymous_2)","decl":{"start":{"line":44,"column":27},"end":{"line":44,"column":33}},"loc":{"start":{"line":44,"column":33},"end":{"line":44,"column":56}},"line":44},"3":{"name":"(anonymous_3)","decl":{"start":{"line":45,"column":28},"end":{"line":45,"column":34}},"loc":{"start":{"line":45,"column":34},"end":{"line":45,"column":63}},"line":45},"4":{"name":"createDocument","decl":{"start":{"line":47,"column":15},"end":{"line":47,"column":32}},"loc":{"start":{"line":47,"column":32},"end":{"line":61,"column":null}},"line":47},"5":{"name":"openDocument","decl":{"start":{"line":63,"column":15},"end":{"line":63,"column":28}},"loc":{"start":{"line":63,"column":58},"end":{"line":69,"column":null}},"line":63},"6":{"name":"saveDocument","decl":{"start":{"line":71,"column":15},"end":{"line":71,"column":30}},"loc":{"start":{"line":71,"column":30},"end":{"line":83,"column":null}},"line":71},"7":{"name":"deleteDocument","decl":{"start":{"line":85,"column":15},"end":{"line":85,"column":30}},"loc":{"start":{"line":85,"column":42},"end":{"line":93,"column":null}},"line":85},"8":{"name":"closeEditor","decl":{"start":{"line":95,"column":9},"end":{"line":95,"column":23}},"loc":{"start":{"line":95,"column":23},"end":{"line":98,"column":null}},"line":95},"9":{"name":"(anonymous_9)","decl":{"start":{"line":107,"column":32},"end":{"line":107,"column":34}},"loc":{"start":{"line":107,"column":34},"end":{"line":107,"column":null}},"line":107},"10":{"name":"(anonymous_10)","decl":{"start":{"line":107,"column":8},"end":{"line":107,"column":16}},"loc":{"start":{"line":111,"column":17},"end":{"line":109,"column":103}},"line":111},"11":{"name":"(anonymous_11)","decl":{"start":{"line":120,"column":35},"end":{"line":120,"column":null}},"loc":{"start":{"line":120,"column":22},"end":{"line":137,"column":null}},"line":120},"12":{"name":"(anonymous_12)","decl":{"start":{"line":137,"column":50},"end":{"line":137,"column":55}},"loc":{"start":{"line":137,"column":55},"end":{"line":137,"column":77}},"line":137},"13":{"name":"(anonymous_13)","decl":{"start":{"line":203,"column":12},"end":{"line":203,"column":20}},"loc":{"start":{"line":206,"column":21},"end":{"line":205,"column":46}},"line":206},"14":{"name":"(anonymous_14)","decl":{"start":{"line":215,"column":29},"end":{"line":215,"column":42}},"loc":{"start":{"line":215,"column":29},"end":{"line":215,"column":null}},"line":215},"15":{"name":"(anonymous_15)","decl":{"start":{"line":234,"column":55},"end":{"line":234,"column":57}},"loc":{"start":{"line":234,"column":57},"end":{"line":234,"column":null}},"line":234},"16":{"name":"(anonymous_16)","decl":{"start":{"line":234,"column":4},"end":{"line":234,"column":12}},"loc":{"start":{"line":254,"column":12},"end":{"line":251,"column":43}},"line":254},"17":{"name":"(anonymous_17)","decl":{"start":{"line":238,"column":38},"end":{"line":238,"column":43}},"loc":{"start":{"line":238,"column":26},"end":{"line":238,"column":45}},"line":238},"18":{"name":"(anonymous_18)","decl":{"start":{"line":242,"column":39},"end":{"line":242,"column":48}},"loc":{"start":{"line":242,"column":27},"end":{"line":242,"column":null}},"line":242},"19":{"name":"(anonymous_19)","decl":{"start":{"line":242,"column":10},"end":{"line":242,"column":27}},"loc":{"start":{"line":247,"column":19},"end":{"line":245,"column":null}},"line":247},"20":{"name":"(anonymous_20)","decl":{"start":{"line":244,"column":59},"end":{"line":244,"column":62}},"loc":{"start":{"line":244,"column":34},"end":{"line":245,"column":null}},"line":244},"21":{"name":"(anonymous_21)","decl":{"start":{"line":250,"column":58},"end":{"line":250,"column":60}},"loc":{"start":{"line":250,"column":60},"end":{"line":250,"column":85}},"line":250},"22":{"name":"(anonymous_22)","decl":{"start":{"line":250,"column":10},"end":{"line":250,"column":18}},"loc":{"start":{"line":250,"column":96},"end":{"line":250,"column":96}},"line":250},"23":{"name":"(anonymous_23)","decl":{"start":{"line":251,"column":10},"end":{"line":251,"column":18}},"loc":{"start":{"line":251,"column":43},"end":{"line":251,"column":43}},"line":251},"24":{"name":"(anonymous_24)","decl":{"start":{"line":243,"column":12},"end":{"line":243,"column":20}},"loc":{"start":{"line":243,"column":45},"end":{"line":245,"column":null}},"line":243},"25":{"name":"(anonymous_25)","decl":{"start":{"line":250,"column":85},"end":{"line":250,"column":87}},"loc":{"start":{"line":250,"column":87},"end":{"line":250,"column":96}},"line":250},"26":{"name":"(anonymous_26)","decl":{"start":{"line":251,"column":32},"end":{"line":251,"column":34}},"loc":{"start":{"line":251,"column":34},"end":{"line":251,"column":43}},"line":251}},"branchMap":{"0":{"loc":{"start":{"line":35,"column":2},"end":{"line":35,"column":null}},"type":"if","locations":[{"start":{"line":35,"column":2},"end":{"line":35,"column":null}},{"start":{},"end":{}}],"line":35},"1":{"loc":{"start":{"line":48,"column":2},"end":{"line":48,"column":null}},"type":"if","locations":[{"start":{"line":48,"column":2},"end":{"line":48,"column":null}},{"start":{},"end":{}}],"line":48},"2":{"loc":{"start":{"line":53,"column":17},"end":{"line":53,"column":null}},"type":"binary-expr","locations":[{"start":{"line":53,"column":17},"end":{"line":53,"column":48}},{"start":{"line":53,"column":48},"end":{"line":53,"column":null}}],"line":53},"3":{"loc":{"start":{"line":54,"column":15},"end":{"line":54,"column":null}},"type":"binary-expr","locations":[{"start":{"line":54,"column":15},"end":{"line":54,"column":44}},{"start":{"line":54,"column":44},"end":{"line":54,"column":null}}],"line":54},"4":{"loc":{"start":{"line":64,"column":2},"end":{"line":64,"column":null}},"type":"if","locations":[{"start":{"line":64,"column":2},"end":{"line":64,"column":null}},{"start":{},"end":{}}],"line":64},"5":{"loc":{"start":{"line":66,"column":24},"end":{"line":66,"column":null}},"type":"binary-expr","locations":[{"start":{"line":66,"column":24},"end":{"line":66,"column":39}},{"start":{"line":66,"column":39},"end":{"line":66,"column":null}}],"line":66},"6":{"loc":{"start":{"line":72,"column":2},"end":{"line":72,"column":null}},"type":"if","locations":[{"start":{"line":72,"column":2},"end":{"line":72,"column":null}},{"start":{},"end":{}}],"line":72},"7":{"loc":{"start":{"line":86,"column":2},"end":{"line":92,"column":null}},"type":"if","locations":[{"start":{"line":86,"column":2},"end":{"line":92,"column":null}},{"start":{},"end":{}}],"line":86},"8":{"loc":{"start":{"line":115,"column":19},"end":{"line":137,"column":null}},"type":"if","locations":[{"start":{"line":115,"column":19},"end":{"line":137,"column":null}}],"line":115},"9":{"loc":{"start":{"line":136,"column":30},"end":{"line":137,"column":null}},"type":"if","locations":[{"start":{"line":136,"column":30},"end":{"line":137,"column":null}},{"start":{"line":137,"column":84},"end":{"line":137,"column":null}}],"line":136},"10":{"loc":{"start":{"line":157,"column":18},"end":{"line":226,"column":null}},"type":"if","locations":[{"start":{"line":157,"column":18},"end":{"line":226,"column":null}}],"line":157},"11":{"loc":{"start":{"line":189,"column":24},"end":{"line":189,"column":null}},"type":"cond-expr","locations":[{"start":{"line":189,"column":35},"end":{"line":189,"column":null}},{"start":{"line":189,"column":35},"end":{"line":189,"column":null}}],"line":189},"12":{"loc":{"start":{"line":197,"column":24},"end":{"line":197,"column":null}},"type":"cond-expr","locations":[{"start":{"line":197,"column":35},"end":{"line":197,"column":null}},{"start":{"line":197,"column":35},"end":{"line":197,"column":null}}],"line":197},"13":{"loc":{"start":{"line":213,"column":23},"end":{"line":213,"column":null}},"type":"cond-expr","locations":[{"start":{"line":213,"column":34},"end":{"line":213,"column":null}},{"start":{"line":213,"column":34},"end":{"line":213,"column":null}}],"line":213},"14":{"loc":{"start":{"line":224,"column":23},"end":{"line":224,"column":null}},"type":"cond-expr","locations":[{"start":{"line":224,"column":34},"end":{"line":224,"column":null}},{"start":{"line":224,"column":34},"end":{"line":224,"column":null}}],"line":224},"15":{"loc":{"start":{"line":226,"column":63},"end":{"line":226,"column":null}},"type":"binary-expr","locations":[{"start":{"line":226,"column":63},"end":{"line":226,"column":78}},{"start":{"line":226,"column":78},"end":{"line":226,"column":null}}],"line":226}},"s":{"0":0,"1":0,"2":0,"3":0,"4":0,"5":0,"6":0,"7":0,"8":0,"9":0,"10":0,"11":0,"12":0,"13":0,"14":0,"15":0,"16":0,"17":0,"18":0,"19":0,"20":0,"21":0,"22":0,"23":0,"24":0,"25":0,"26":0,"27":0,"28":0,"29":0,"30":0,"31":0,"32":0,"33":0,"34":0,"35":0,"36":0,"37":0,"38":0,"39":0,"40":0,"41":0,"42":0,"43":0,"44":0,"45":0,"46":0,"47":0,"48":0,"49":0,"50":0,"51":0,"52":0,"53":0,"54":0,"55":0,"56":0,"57":0,"58":0,"59":0,"60":0,"61":0,"62":0,"63":0,"64":0,"65":0,"66":0},"f":{"0":0,"1":0,"2":0,"3":0,"4":0,"5":0,"6":0,"7":0,"8":0,"9":0,"10":0,"11":0,"12":0,"13":0,"14":0,"15":0,"16":0,"17":0,"18":0,"19":0,"20":0,"21":0,"22":0,"23":0,"24":0,"25":0,"26":0},"b":{"0":[0,0],"1":[0,0],"2":[0,0],"3":[0,0],"4":[0,0],"5":[0,0],"6":[0,0],"7":[0,0],"8":[0],"9":[0,0],"10":[0],"11":[0,0],"12":[0,0],"13":[0,0],"14":[0,0],"15":[0,0]},"meta":{"lastBranch":16,"lastFunction":27,"lastStatement":67,"seen":{"s:12:6:12:Infinity":0,"s:13:6:13:Infinity":1,"s:15:6:15:Infinity":2,"s:16:6:16:Infinity":3,"s:17:6:17:Infinity":4,"s:18:6:22:Infinity":5,"s:24:6:24:Infinity":6,"s:25:22:32:Infinity":7,"s:34:6:37:Infinity":8,"f:34:33:34:39":0,"b:35:2:35:Infinity:undefined:undefined:undefined:undefined":0,"s:35:2:35:Infinity":9,"s:35:28:35:Infinity":10,"s:36:2:36:Infinity":11,"s:39:0:42:Infinity":12,"f:39:10:39:22":1,"s:40:2:40:Infinity":13,"s:41:2:41:Infinity":14,"s:44:6:44:Infinity":15,"f:44:27:44:33":2,"s:44:33:44:56":16,"s:45:6:45:Infinity":17,"f:45:28:45:34":3,"s:45:34:45:63":18,"f:47:15:47:32":4,"b:48:2:48:Infinity:undefined:undefined:undefined:undefined":1,"s:48:2:48:Infinity":19,"s:48:39:48:Infinity":20,"s:50:2:60:Infinity":21,"s:51:4:55:Infinity":22,"b:53:17:53:48:53:48:53:Infinity":2,"b:54:15:54:44:54:44:54:Infinity":3,"s:56:4:56:Infinity":23,"s:57:4:57:Infinity":24,"s:59:4:59:Infinity":25,"f:63:15:63:28":5,"b:64:2:64:Infinity:undefined:undefined:undefined:undefined":4,"s:64:2:64:Infinity":26,"s:64:12:64:Infinity":27,"s:65:2:65:Infinity":28,"s:66:2:66:Infinity":29,"b:66:24:66:39:66:39:66:Infinity":5,"s:67:2:67:Infinity":30,"s:68:2:68:Infinity":31,"f:71:15:71:30":6,"b:72:2:72:Infinity:undefined:undefined:undefined:undefined":6,"s:72:2:72:Infinity":32,"s:72:25:72:Infinity":33,"s:74:2:82:Infinity":34,"s:75:4:79:Infinity":35,"s:81:4:81:Infinity":36,"f:85:15:85:30":7,"b:86:2:92:Infinity:undefined:undefined:undefined:undefined":7,"s:86:2:92:Infinity":37,"s:87:4:91:Infinity":38,"s:88:6:88:Infinity":39,"s:90:6:90:Infinity":40,"f:95:9:95:23":8,"s:96:2:96:Infinity":41,"s:97:2:97:Infinity":42,"s:102:7:102:Infinity":43,"f:107:32:107:34":9,"s:107:34:107:Infinity":44,"f:107:8:107:16":10,"b:115:19:137:Infinity":8,"s:115:19:137:Infinity":45,"s:120:26:137:Infinity":46,"f:120:35:120:Infinity":11,"s:135:81:135:Infinity":47,"b:136:30:137:Infinity:137:84:137:Infinity":9,"s:136:30:137:Infinity":48,"s:137:23:137:Infinity":49,"f:137:50:137:55":12,"s:137:55:137:77":50,"b:157:18:226:Infinity":10,"s:157:18:226:Infinity":51,"s:178:23:197:Infinity":52,"b:189:35:189:Infinity:189:35:189:Infinity":11,"b:197:35:197:Infinity:197:35:197:Infinity":12,"f:203:12:203:20":13,"s:213:23:213:Infinity":53,"b:213:34:213:Infinity:213:34:213:Infinity":13,"f:215:29:215:42":14,"s:215:29:215:Infinity":54,"s:224:23:226:Infinity":55,"b:224:34:224:Infinity:224:34:224:Infinity":14,"b:226:63:226:78:226:78:226:Infinity":15,"f:234:55:234:57":15,"s:234:57:234:Infinity":56,"f:234:4:234:12":16,"f:238:38:238:43":17,"s:238:26:238:45":57,"f:242:39:242:48":18,"s:242:27:242:Infinity":58,"f:242:10:242:27":19,"s:244:38:245:Infinity":59,"f:244:59:244:62":20,"s:244:80:245:Infinity":60,"s:244:12:245:Infinity":61,"f:250:58:250:60":21,"s:250:60:250:85":62,"f:250:10:250:18":22,"s:251:18:251:43":63,"f:251:10:251:18":23,"f:243:12:243:20":24,"s:243:45:245:Infinity":64,"f:250:85:250:87":25,"s:250:87:250:96":65,"f:251:32:251:34":26,"s:251:34:251:43":66}}}
,"D:\\Projects\\Tauri\\ProjectFlow\\src\\components\\features\\projects\\ProjectList.vue": {"path":"D:\\Projects\\Tauri\\ProjectFlow\\src\\components\\features\\projects\\ProjectList.vue","statementMap":{"0":{"start":{"line":10,"column":6},"end":{"line":10,"column":null}},"1":{"start":{"line":11,"column":6},"end":{"line":11,"column":null}},"2":{"start":{"line":13,"column":6},"end":{"line":13,"column":null}},"3":{"start":{"line":14,"column":6},"end":{"line":19,"column":null}},"4":{"start":{"line":22,"column":6},"end":{"line":22,"column":null}},"5":{"start":{"line":25,"column":6},"end":{"line":37,"column":null}},"6":{"start":{"line":26,"column":46},"end":{"line":26,"column":null}},"7":{"start":{"line":27,"column":2},"end":{"line":35,"column":null}},"8":{"start":{"line":28,"column":18},"end":{"line":28,"column":null}},"9":{"start":{"line":29,"column":4},"end":{"line":34,"column":null}},"10":{"start":{"line":30,"column":6},"end":{"line":30,"column":null}},"11":{"start":{"line":32,"column":29},"end":{"line":32,"column":null}},"12":{"start":{"line":32,"column":49},"end":{"line":32,"column":63}},"13":{"start":{"line":33,"column":6},"end":{"line":33,"column":null}},"14":{"start":{"line":36,"column":2},"end":{"line":36,"column":null}},"15":{"start":{"line":39,"column":0},"end":{"line":50,"column":null}},"16":{"start":{"line":40,"column":2},"end":{"line":40,"column":null}},"17":{"start":{"line":42,"column":2},"end":{"line":49,"column":null}},"18":{"start":{"line":43,"column":4},"end":{"line":48,"column":null}},"19":{"start":{"line":44,"column":20},"end":{"line":44,"column":null}},"20":{"start":{"line":45,"column":6},"end":{"line":45,"column":null}},"21":{"start":{"line":47,"column":6},"end":{"line":47,"column":null}},"22":{"start":{"line":53,"column":2},"end":{"line":53,"column":null}},"23":{"start":{"line":53,"column":37},"end":{"line":53,"column":null}},"24":{"start":{"line":55,"column":2},"end":{"line":68,"column":null}},"25":{"start":{"line":56,"column":20},"end":{"line":61,"column":null}},"26":{"start":{"line":63,"column":4},"end":{"line":63,"column":null}},"27":{"start":{"line":64,"column":4},"end":{"line":64,"column":null}},"28":{"start":{"line":65,"column":4},"end":{"line":65,"column":null}},"29":{"start":{"line":67,"column":4},"end":{"line":67,"column":null}},"30":{"start":{"line":72,"column":2},"end":{"line":79,"column":null}},"31":{"start":{"line":73,"column":4},"end":{"line":78,"column":null}},"32":{"start":{"line":74,"column":6},"end":{"line":74,"column":null}},"33":{"start":{"line":75,"column":6},"end":{"line":75,"column":null}},"34":{"start":{"line":77,"column":6},"end":{"line":77,"column":null}},"35":{"start":{"line":83,"column":2},"end":{"line":83,"column":null}},"36":{"start":{"line":84,"column":2},"end":{"line":84,"column":null}},"37":{"start":{"line":89,"column":2},"end":{"line":102,"column":null}},"38":{"start":{"line":90,"column":4},"end":{"line":99,"column":null}},"39":{"start":{"line":92,"column":6},"end":{"line":92,"column":null}},"40":{"start":{"line":93,"column":4},"end":{"line":99,"column":null}},"41":{"start":{"line":95,"column":6},"end":{"line":95,"column":null}},"42":{"start":{"line":96,"column":4},"end":{"line":99,"column":null}},"43":{"start":{"line":98,"column":6},"end":{"line":98,"column":null}},"44":{"start":{"line":101,"column":4},"end":{"line":101,"column":null}},"45":{"start":{"line":106,"column":2},"end":{"line":106,"column":null}},"46":{"start":{"line":106,"column":23},"end":{"line":106,"column":null}},"47":{"start":{"line":107,"column":2},"end":{"line":107,"column":null}},"48":{"start":{"line":107,"column":22},"end":{"line":107,"column":null}},"49":{"start":{"line":108,"column":2},"end":{"line":108,"column":null}},"50":{"start":{"line":108,"column":22},"end":{"line":108,"column":null}},"51":{"start":{"line":109,"column":2},"end":{"line":109,"column":null}},"52":{"start":{"line":113,"column":2},"end":{"line":113,"column":null}},"53":{"start":{"line":113,"column":20},"end":{"line":113,"column":null}},"54":{"start":{"line":114,"column":2},"end":{"line":114,"column":null}},"55":{"start":{"line":114,"column":20},"end":{"line":114,"column":null}},"56":{"start":{"line":115,"column":2},"end":{"line":115,"column":null}},"57":{"start":{"line":115,"column":20},"end":{"line":115,"column":null}},"58":{"start":{"line":116,"column":2},"end":{"line":116,"column":null}},"59":{"start":{"line":121,"column":7},"end":{"line":121,"column":null}},"60":{"start":{"line":128,"column":22},"end":{"line":128,"column":null}},"61":{"start":{"line":138,"column":15},"end":{"line":238,"column":217}},"62":{"start":{"line":142,"column":20},"end":{"line":238,"column":217}},"63":{"start":{"line":149,"column":35},"end":{"line":149,"column":59}},"64":{"start":{"line":154,"column":26},"end":{"line":238,"column":217}},"65":{"start":{"line":170,"column":65},"end":{"line":170,"column":null}},"66":{"start":{"line":172,"column":23},"end":{"line":173,"column":null}},"67":{"start":{"line":173,"column":19},"end":{"line":173,"column":null}},"68":{"start":{"line":189,"column":21},"end":{"line":193,"column":null}},"69":{"start":{"line":193,"column":38},"end":{"line":193,"column":null}},"70":{"start":{"line":201,"column":24},"end":{"line":205,"column":null}},"71":{"start":{"line":210,"column":20},"end":{"line":226,"column":null}},"72":{"start":{"line":214,"column":22},"end":{"line":214,"column":null}},"73":{"start":{"line":216,"column":25},"end":{"line":220,"column":52}},"74":{"start":{"line":220,"column":30},"end":{"line":220,"column":52}},"75":{"start":{"line":226,"column":17},"end":{"line":226,"column":null}},"76":{"start":{"line":228,"column":72},"end":{"line":228,"column":null}},"77":{"start":{"line":236,"column":55},"end":{"line":236,"column":null}},"78":{"start":{"line":247,"column":57},"end":{"line":247,"column":null}},"79":{"start":{"line":252,"column":21},"end":{"line":252,"column":null}},"80":{"start":{"line":260,"column":21},"end":{"line":260,"column":null}},"81":{"start":{"line":269,"column":28},"end":{"line":269,"column":50}},"82":{"start":{"line":273,"column":28},"end":{"line":273,"column":48}},"83":{"start":{"line":277,"column":60},"end":{"line":277,"column":85}},"84":{"start":{"line":278,"column":18},"end":{"line":278,"column":45}},"85":{"start":{"line":277,"column":87},"end":{"line":277,"column":96}},"86":{"start":{"line":278,"column":36},"end":{"line":278,"column":45}}},"fnMap":{"0":{"name":"(anonymous_0)","decl":{"start":{"line":25,"column":36},"end":{"line":25,"column":42}},"loc":{"start":{"line":25,"column":42},"end":{"line":37,"column":1}},"line":25},"1":{"name":"(anonymous_1)","decl":{"start":{"line":32,"column":42},"end":{"line":32,"column":43}},"loc":{"start":{"line":32,"column":49},"end":{"line":32,"column":63}},"line":32},"2":{"name":"(anonymous_2)","decl":{"start":{"line":39,"column":10},"end":{"line":39,"column":22}},"loc":{"start":{"line":39,"column":22},"end":{"line":50,"column":1}},"line":39},"3":{"name":"createProject","decl":{"start":{"line":52,"column":15},"end":{"line":52,"column":31}},"loc":{"start":{"line":52,"column":31},"end":{"line":69,"column":null}},"line":52},"4":{"name":"deleteProject","decl":{"start":{"line":71,"column":15},"end":{"line":71,"column":29}},"loc":{"start":{"line":71,"column":41},"end":{"line":80,"column":null}},"line":71},"5":{"name":"selectProject","decl":{"start":{"line":82,"column":9},"end":{"line":82,"column":23}},"loc":{"start":{"line":82,"column":42},"end":{"line":85,"column":null}},"line":82},"6":{"name":"toggleProjectStatus","decl":{"start":{"line":88,"column":15},"end":{"line":88,"column":35}},"loc":{"start":{"line":88,"column":76},"end":{"line":103,"column":null}},"line":88},"7":{"name":"getProgressColor","decl":{"start":{"line":105,"column":9},"end":{"line":105,"column":26}},"loc":{"start":{"line":105,"column":44},"end":{"line":110,"column":null}},"line":105},"8":{"name":"getProjectActionLabel","decl":{"start":{"line":112,"column":9},"end":{"line":112,"column":31}},"loc":{"start":{"line":112,"column":47},"end":{"line":117,"column":null}},"line":112},"9":{"name":"(anonymous_9)","decl":{"start":{"line":128,"column":20},"end":{"line":128,"column":22}},"loc":{"start":{"line":128,"column":22},"end":{"line":128,"column":null}},"line":128},"10":{"name":"(anonymous_10)","decl":{"start":{"line":128,"column":6},"end":{"line":128,"column":15}},"loc":{"start":{"line":134,"column":15},"end":{"line":133,"column":41}},"line":134},"11":{"name":"(anonymous_11)","decl":{"start":{"line":149,"column":33},"end":{"line":149,"column":35}},"loc":{"start":{"line":149,"column":35},"end":{"line":149,"column":59}},"line":149},"12":{"name":"(anonymous_12)","decl":{"start":{"line":149,"column":6},"end":{"line":149,"column":14}},"loc":{"start":{"line":149,"column":75},"end":{"line":149,"column":75}},"line":149},"13":{"name":"(anonymous_13)","decl":{"start":{"line":154,"column":47},"end":{"line":154,"column":null}},"loc":{"start":{"line":154,"column":22},"end":{"line":238,"column":217}},"line":154},"14":{"name":"(anonymous_14)","decl":{"start":{"line":214,"column":20},"end":{"line":214,"column":22}},"loc":{"start":{"line":214,"column":22},"end":{"line":214,"column":null}},"line":214},"15":{"name":"(anonymous_15)","decl":{"start":{"line":209,"column":12},"end":{"line":209,"column":null}},"loc":{"start":{"line":227,"column":21},"end":{"line":226,"column":null}},"line":227},"16":{"name":"(anonymous_16)","decl":{"start":{"line":228,"column":70},"end":{"line":228,"column":72}},"loc":{"start":{"line":228,"column":72},"end":{"line":228,"column":null}},"line":228},"17":{"name":"(anonymous_17)","decl":{"start":{"line":228,"column":12},"end":{"line":228,"column":20}},"loc":{"start":{"line":235,"column":21},"end":{"line":234,"column":47}},"line":235},"18":{"name":"(anonymous_18)","decl":{"start":{"line":236,"column":53},"end":{"line":236,"column":55}},"loc":{"start":{"line":236,"column":55},"end":{"line":236,"column":null}},"line":236},"19":{"name":"(anonymous_19)","decl":{"start":{"line":236,"column":12},"end":{"line":236,"column":20}},"loc":{"start":{"line":240,"column":21},"end":{"line":238,"column":217}},"line":240},"20":{"name":"(anonymous_20)","decl":{"start":{"line":247,"column":55},"end":{"line":247,"column":57}},"loc":{"start":{"line":247,"column":57},"end":{"line":247,"column":null}},"line":247},"21":{"name":"(anonymous_21)","decl":{"start":{"line":247,"column":4},"end":{"line":247,"column":12}},"loc":{"start":{"line":281,"column":12},"end":{"line":278,"column":45}},"line":281},"22":{"name":"(anonymous_22)","decl":{"start":{"line":252,"column":32},"end":{"line":252,"column":36}},"loc":{"start":{"line":252,"column":21},"end":{"line":252,"column":null}},"line":252},"23":{"name":"(anonymous_23)","decl":{"start":{"line":269,"column":39},"end":{"line":269,"column":48}},"loc":{"start":{"line":269,"column":28},"end":{"line":269,"column":50}},"line":269},"24":{"name":"(anonymous_24)","decl":{"start":{"line":273,"column":39},"end":{"line":273,"column":46}},"loc":{"start":{"line":273,"column":28},"end":{"line":273,"column":48}},"line":273},"25":{"name":"(anonymous_25)","decl":{"start":{"line":277,"column":58},"end":{"line":277,"column":60}},"loc":{"start":{"line":277,"column":60},"end":{"line":277,"column":85}},"line":277},"26":{"name":"(anonymous_26)","decl":{"start":{"line":277,"column":10},"end":{"line":277,"column":18}},"loc":{"start":{"line":277,"column":96},"end":{"line":277,"column":96}},"line":277},"27":{"name":"(anonymous_27)","decl":{"start":{"line":278,"column":10},"end":{"line":278,"column":18}},"loc":{"start":{"line":278,"column":45},"end":{"line":278,"column":45}},"line":278},"28":{"name":"(anonymous_28)","decl":{"start":{"line":264,"column":12},"end":{"line":264,"column":null}},"loc":{"start":{"line":260,"column":21},"end":{"line":260,"column":null}},"line":260},"29":{"name":"(anonymous_29)","decl":{"start":{"line":277,"column":85},"end":{"line":277,"column":87}},"loc":{"start":{"line":277,"column":87},"end":{"line":277,"column":96}},"line":277},"30":{"name":"(anonymous_30)","decl":{"start":{"line":278,"column":32},"end":{"line":278,"column":36}},"loc":{"start":{"line":278,"column":36},"end":{"line":278,"column":45}},"line":278}},"branchMap":{"0":{"loc":{"start":{"line":28,"column":18},"end":{"line":28,"column":null}},"type":"binary-expr","locations":[{"start":{"line":28,"column":18},"end":{"line":28,"column":55}},{"start":{"line":28,"column":55},"end":{"line":28,"column":null}}],"line":28},"1":{"loc":{"start":{"line":29,"column":4},"end":{"line":34,"column":null}},"type":"if","locations":[{"start":{"line":29,"column":4},"end":{"line":34,"column":null}},{"start":{"line":31,"column":11},"end":{"line":34,"column":null}}],"line":29},"2":{"loc":{"start":{"line":53,"column":2},"end":{"line":53,"column":null}},"type":"if","locations":[{"start":{"line":53,"column":2},"end":{"line":53,"column":null}},{"start":{},"end":{}}],"line":53},"3":{"loc":{"start":{"line":58,"column":19},"end":{"line":58,"column":null}},"type":"binary-expr","locations":[{"start":{"line":58,"column":19},"end":{"line":58,"column":51}},{"start":{"line":58,"column":51},"end":{"line":58,"column":null}}],"line":58},"4":{"loc":{"start":{"line":59,"column":17},"end":{"line":59,"column":null}},"type":"binary-expr","locations":[{"start":{"line":59,"column":17},"end":{"line":59,"column":47}},{"start":{"line":59,"column":47},"end":{"line":59,"column":null}}],"line":59},"5":{"loc":{"start":{"line":60,"column":15},"end":{"line":60,"column":null}},"type":"binary-expr","locations":[{"start":{"line":60,"column":15},"end":{"line":60,"column":43}},{"start":{"line":60,"column":43},"end":{"line":60,"column":null}}],"line":60},"6":{"loc":{"start":{"line":72,"column":2},"end":{"line":79,"column":null}},"type":"if","locations":[{"start":{"line":72,"column":2},"end":{"line":79,"column":null}},{"start":{},"end":{}}],"line":72},"7":{"loc":{"start":{"line":90,"column":4},"end":{"line":99,"column":null}},"type":"if","locations":[{"start":{"line":90,"column":4},"end":{"line":99,"column":null}},{"start":{"line":93,"column":4},"end":{"line":99,"column":null}}],"line":90},"8":{"loc":{"start":{"line":93,"column":4},"end":{"line":99,"column":null}},"type":"if","locations":[{"start":{"line":93,"column":4},"end":{"line":99,"column":null}},{"start":{"line":96,"column":4},"end":{"line":99,"column":null}}],"line":93},"9":{"loc":{"start":{"line":96,"column":4},"end":{"line":99,"column":null}},"type":"if","locations":[{"start":{"line":96,"column":4},"end":{"line":99,"column":null}},{"start":{},"end":{}}],"line":96},"10":{"loc":{"start":{"line":106,"column":2},"end":{"line":106,"column":null}},"type":"if","locations":[{"start":{"line":106,"column":2},"end":{"line":106,"column":null}},{"start":{},"end":{}}],"line":106},"11":{"loc":{"start":{"line":107,"column":2},"end":{"line":107,"column":null}},"type":"if","locations":[{"start":{"line":107,"column":2},"end":{"line":107,"column":null}},{"start":{},"end":{}}],"line":107},"12":{"loc":{"start":{"line":108,"column":2},"end":{"line":108,"column":null}},"type":"if","locations":[{"start":{"line":108,"column":2},"end":{"line":108,"column":null}},{"start":{},"end":{}}],"line":108},"13":{"loc":{"start":{"line":113,"column":2},"end":{"line":113,"column":null}},"type":"if","locations":[{"start":{"line":113,"column":2},"end":{"line":113,"column":null}},{"start":{},"end":{}}],"line":113},"14":{"loc":{"start":{"line":114,"column":2},"end":{"line":114,"column":null}},"type":"if","locations":[{"start":{"line":114,"column":2},"end":{"line":114,"column":null}},{"start":{},"end":{}}],"line":114},"15":{"loc":{"start":{"line":115,"column":2},"end":{"line":115,"column":null}},"type":"if","locations":[{"start":{"line":115,"column":2},"end":{"line":115,"column":null}},{"start":{},"end":{}}],"line":115},"16":{"loc":{"start":{"line":138,"column":15},"end":{"line":238,"column":217}},"type":"if","locations":[{"start":{"line":138,"column":15},"end":{"line":238,"column":217}},{"start":{"line":142,"column":20},"end":{"line":238,"column":217}}],"line":138},"17":{"loc":{"start":{"line":142,"column":20},"end":{"line":238,"column":217}},"type":"if","locations":[{"start":{"line":142,"column":20},"end":{"line":238,"column":217}}],"line":142},"18":{"loc":{"start":{"line":172,"column":23},"end":{"line":173,"column":null}},"type":"if","locations":[{"start":{"line":172,"column":23},"end":{"line":173,"column":null}},{"start":{"line":173,"column":38},"end":{"line":173,"column":null}}],"line":172},"19":{"loc":{"start":{"line":189,"column":21},"end":{"line":193,"column":null}},"type":"if","locations":[{"start":{"line":189,"column":21},"end":{"line":193,"column":null}}],"line":189},"20":{"loc":{"start":{"line":189,"column":21},"end":{"line":189,"column":57}},"type":"binary-expr","locations":[{"start":{"line":189,"column":21},"end":{"line":189,"column":42}},{"start":{"line":189,"column":42},"end":{"line":189,"column":57}}],"line":189},"21":{"loc":{"start":{"line":201,"column":41},"end":{"line":201,"column":null}},"type":"binary-expr","locations":[{"start":{"line":201,"column":41},"end":{"line":201,"column":null}},{"start":{"line":201,"column":70},"end":{"line":201,"column":null}}],"line":201},"22":{"loc":{"start":{"line":202,"column":36},"end":{"line":202,"column":null}},"type":"binary-expr","locations":[{"start":{"line":202,"column":36},"end":{"line":202,"column":null}},{"start":{"line":202,"column":65},"end":{"line":202,"column":null}}],"line":202},"23":{"loc":{"start":{"line":205,"column":75},"end":{"line":205,"column":null}},"type":"binary-expr","locations":[{"start":{"line":205,"column":75},"end":{"line":205,"column":null}},{"start":{"line":205,"column":104},"end":{"line":205,"column":null}}],"line":205},"24":{"loc":{"start":{"line":210,"column":20},"end":{"line":226,"column":null}},"type":"if","locations":[{"start":{"line":210,"column":20},"end":{"line":226,"column":null}}],"line":210},"25":{"loc":{"start":{"line":212,"column":24},"end":{"line":212,"column":null}},"type":"cond-expr","locations":[{"start":{"line":212,"column":38},"end":{"line":212,"column":59}},{"start":{"line":212,"column":59},"end":{"line":212,"column":null}}],"line":212},"26":{"loc":{"start":{"line":212,"column":59},"end":{"line":212,"column":null}},"type":"cond-expr","locations":[{"start":{"line":212,"column":73},"end":{"line":212,"column":null}},{"start":{"line":212,"column":73},"end":{"line":212,"column":null}}],"line":212},"27":{"loc":{"start":{"line":216,"column":25},"end":{"line":220,"column":52}},"type":"if","locations":[{"start":{"line":216,"column":25},"end":{"line":220,"column":52}},{"start":{"line":220,"column":30},"end":{"line":220,"column":52}}],"line":216},"28":{"loc":{"start":{"line":220,"column":30},"end":{"line":220,"column":52}},"type":"if","locations":[{"start":{"line":220,"column":30},"end":{"line":220,"column":52}}],"line":220},"29":{"loc":{"start":{"line":216,"column":25},"end":{"line":224,"column":107}},"type":"cond-expr","locations":[{"start":{"line":216,"column":39},"end":{"line":220,"column":38}},{"start":{"line":220,"column":30},"end":{"line":224,"column":107}}],"line":216},"30":{"loc":{"start":{"line":220,"column":30},"end":{"line":224,"column":107}},"type":"cond-expr","locations":[{"start":{"line":220,"column":44},"end":{"line":223,"column":26}},{"start":{"line":223,"column":14},"end":{"line":224,"column":107}}],"line":220}},"s":{"0":0,"1":0,"2":0,"3":0,"4":0,"5":0,"6":0,"7":0,"8":0,"9":0,"10":0,"11":0,"12":0,"13":0,"14":0,"15":0,"16":0,"17":0,"18":0,"19":0,"20":0,"21":0,"22":0,"23":0,"24":0,"25":0,"26":0,"27":0,"28":0,"29":0,"30":0,"31":0,"32":0,"33":0,"34":0,"35":0,"36":0,"37":0,"38":0,"39":0,"40":0,"41":0,"42":0,"43":0,"44":0,"45":0,"46":0,"47":0,"48":0,"49":0,"50":0,"51":0,"52":0,"53":0,"54":0,"55":0,"56":0,"57":0,"58":0,"59":0,"60":0,"61":0,"62":0,"63":0,"64":0,"65":0,"66":0,"67":0,"68":0,"69":0,"70":0,"71":0,"72":0,"73":0,"74":0,"75":0,"76":0,"77":0,"78":0,"79":0,"80":0,"81":0,"82":0,"83":0,"84":0,"85":0,"86":0},"f":{"0":0,"1":0,"2":0,"3":0,"4":0,"5":0,"6":0,"7":0,"8":0,"9":0,"10":0,"11":0,"12":0,"13":0,"14":0,"15":0,"16":0,"17":0,"18":0,"19":0,"20":0,"21":0,"22":0,"23":0,"24":0,"25":0,"26":0,"27":0,"28":0,"29":0,"30":0},"b":{"0":[0,0],"1":[0,0],"2":[0,0],"3":[0,0],"4":[0,0],"5":[0,0],"6":[0,0],"7":[0,0],"8":[0,0],"9":[0,0],"10":[0,0],"11":[0,0],"12":[0,0],"13":[0,0],"14":[0,0],"15":[0,0],"16":[0,0],"17":[0],"18":[0,0],"19":[0],"20":[0,0],"21":[0,0],"22":[0,0],"23":[0,0],"24":[0],"25":[0,0],"26":[0,0],"27":[0,0],"28":[0],"29":[0,0],"30":[0,0]},"meta":{"lastBranch":31,"lastFunction":31,"lastStatement":87,"seen":{"s:10:6:10:Infinity":0,"s:11:6:11:Infinity":1,"s:13:6:13:Infinity":2,"s:14:6:19:Infinity":3,"s:22:6:22:Infinity":4,"s:25:6:37:Infinity":5,"f:25:36:25:42":0,"s:26:46:26:Infinity":6,"s:27:2:35:Infinity":7,"s:28:18:28:Infinity":8,"b:28:18:28:55:28:55:28:Infinity":0,"b:29:4:34:Infinity:31:11:34:Infinity":1,"s:29:4:34:Infinity":9,"s:30:6:30:Infinity":10,"s:32:29:32:Infinity":11,"f:32:42:32:43":1,"s:32:49:32:63":12,"s:33:6:33:Infinity":13,"s:36:2:36:Infinity":14,"s:39:0:50:Infinity":15,"f:39:10:39:22":2,"s:40:2:40:Infinity":16,"s:42:2:49:Infinity":17,"s:43:4:48:Infinity":18,"s:44:20:44:Infinity":19,"s:45:6:45:Infinity":20,"s:47:6:47:Infinity":21,"f:52:15:52:31":3,"b:53:2:53:Infinity:undefined:undefined:undefined:undefined":2,"s:53:2:53:Infinity":22,"s:53:37:53:Infinity":23,"s:55:2:68:Infinity":24,"s:56:20:61:Infinity":25,"b:58:19:58:51:58:51:58:Infinity":3,"b:59:17:59:47:59:47:59:Infinity":4,"b:60:15:60:43:60:43:60:Infinity":5,"s:63:4:63:Infinity":26,"s:64:4:64:Infinity":27,"s:65:4:65:Infinity":28,"s:67:4:67:Infinity":29,"f:71:15:71:29":4,"b:72:2:79:Infinity:undefined:undefined:undefined:undefined":6,"s:72:2:79:Infinity":30,"s:73:4:78:Infinity":31,"s:74:6:74:Infinity":32,"s:75:6:75:Infinity":33,"s:77:6:77:Infinity":34,"f:82:9:82:23":5,"s:83:2:83:Infinity":35,"s:84:2:84:Infinity":36,"f:88:15:88:35":6,"s:89:2:102:Infinity":37,"b:90:4:99:Infinity:93:4:99:Infinity":7,"s:90:4:99:Infinity":38,"s:92:6:92:Infinity":39,"b:93:4:99:Infinity:96:4:99:Infinity":8,"s:93:4:99:Infinity":40,"s:95:6:95:Infinity":41,"b:96:4:99:Infinity:undefined:undefined:undefined:undefined":9,"s:96:4:99:Infinity":42,"s:98:6:98:Infinity":43,"s:101:4:101:Infinity":44,"f:105:9:105:26":7,"b:106:2:106:Infinity:undefined:undefined:undefined:undefined":10,"s:106:2:106:Infinity":45,"s:106:23:106:Infinity":46,"b:107:2:107:Infinity:undefined:undefined:undefined:undefined":11,"s:107:2:107:Infinity":47,"s:107:22:107:Infinity":48,"b:108:2:108:Infinity:undefined:undefined:undefined:undefined":12,"s:108:2:108:Infinity":49,"s:108:22:108:Infinity":50,"s:109:2:109:Infinity":51,"f:112:9:112:31":8,"b:113:2:113:Infinity:undefined:undefined:undefined:undefined":13,"s:113:2:113:Infinity":52,"s:113:20:113:Infinity":53,"b:114:2:114:Infinity:undefined:undefined:undefined:undefined":14,"s:114:2:114:Infinity":54,"s:114:20:114:Infinity":55,"b:115:2:115:Infinity:undefined:undefined:undefined:undefined":15,"s:115:2:115:Infinity":56,"s:115:20:115:Infinity":57,"s:116:2:116:Infinity":58,"s:121:7:121:Infinity":59,"f:128:20:128:22":9,"s:128:22:128:Infinity":60,"f:128:6:128:15":10,"b:138:15:238:217:142:20:238:217":16,"s:138:15:238:217":61,"b:142:20:238:217":17,"s:142:20:238:217":62,"f:149:33:149:35":11,"s:149:35:149:59":63,"f:149:6:149:14":12,"s:154:26:238:217":64,"f:154:47:154:Infinity":13,"s:170:65:170:Infinity":65,"b:172:23:173:Infinity:173:38:173:Infinity":18,"s:172:23:173:Infinity":66,"s:173:19:173:Infinity":67,"b:189:21:193:Infinity":19,"s:189:21:193:Infinity":68,"b:189:21:189:42:189:42:189:57":20,"s:193:38:193:Infinity":69,"s:201:24:205:Infinity":70,"b:201:41:201:Infinity:201:70:201:Infinity":21,"b:202:36:202:Infinity:202:65:202:Infinity":22,"b:205:75:205:Infinity:205:104:205:Infinity":23,"b:210:20:226:Infinity":24,"s:210:20:226:Infinity":71,"b:212:38:212:59:212:59:212:Infinity":25,"b:212:73:212:Infinity:212:73:212:Infinity":26,"f:214:20:214:22":14,"s:214:22:214:Infinity":72,"f:209:12:209:Infinity":15,"b:216:25:220:52:220:30:220:52":27,"s:216:25:220:52":73,"b:220:30:220:52":28,"s:220:30:220:52":74,"s:226:17:226:Infinity":75,"b:216:39:220:38:220:30:224:107":29,"b:220:44:223:26:223:14:224:107":30,"f:228:70:228:72":16,"s:228:72:228:Infinity":76,"f:228:12:228:20":17,"f:236:53:236:55":18,"s:236:55:236:Infinity":77,"f:236:12:236:20":19,"f:247:55:247:57":20,"s:247:57:247:Infinity":78,"f:247:4:247:12":21,"f:252:32:252:36":22,"s:252:21:252:Infinity":79,"s:260:21:260:Infinity":80,"f:269:39:269:48":23,"s:269:28:269:50":81,"f:273:39:273:46":24,"s:273:28:273:48":82,"f:277:58:277:60":25,"s:277:60:277:85":83,"f:277:10:277:18":26,"s:278:18:278:45":84,"f:278:10:278:18":27,"f:264:12:264:Infinity":28,"f:277:85:277:87":29,"s:277:87:277:96":85,"f:278:32:278:36":30,"s:278:36:278:45":86}}}
,"D:\\Projects\\Tauri\\ProjectFlow\\src\\components\\features\\recycleBin\\RecycleBin.vue": {"path":"D:\\Projects\\Tauri\\ProjectFlow\\src\\components\\features\\recycleBin\\RecycleBin.vue","statementMap":{"0":{"start":{"line":6,"column":6},"end":{"line":6,"column":null}},"1":{"start":{"line":7,"column":6},"end":{"line":7,"column":null}},"2":{"start":{"line":8,"column":6},"end":{"line":8,"column":null}},"3":{"start":{"line":9,"column":6},"end":{"line":9,"column":null}},"4":{"start":{"line":10,"column":6},"end":{"line":10,"column":null}},"5":{"start":{"line":13,"column":2},"end":{"line":13,"column":null}},"6":{"start":{"line":14,"column":2},"end":{"line":22,"column":null}},"7":{"start":{"line":15,"column":4},"end":{"line":15,"column":null}},"8":{"start":{"line":16,"column":4},"end":{"line":16,"column":null}},"9":{"start":{"line":17,"column":4},"end":{"line":17,"column":null}},"10":{"start":{"line":19,"column":4},"end":{"line":19,"column":null}},"11":{"start":{"line":21,"column":4},"end":{"line":21,"column":null}},"12":{"start":{"line":26,"column":2},"end":{"line":31,"column":null}},"13":{"start":{"line":27,"column":4},"end":{"line":27,"column":null}},"14":{"start":{"line":28,"column":4},"end":{"line":28,"column":null}},"15":{"start":{"line":30,"column":4},"end":{"line":30,"column":null}},"16":{"start":{"line":35,"column":2},"end":{"line":40,"column":null}},"17":{"start":{"line":36,"column":4},"end":{"line":36,"column":null}},"18":{"start":{"line":37,"column":4},"end":{"line":37,"column":null}},"19":{"start":{"line":39,"column":4},"end":{"line":39,"column":null}},"20":{"start":{"line":44,"column":2},"end":{"line":49,"column":null}},"21":{"start":{"line":45,"column":4},"end":{"line":45,"column":null}},"22":{"start":{"line":46,"column":4},"end":{"line":46,"column":null}},"23":{"start":{"line":48,"column":4},"end":{"line":48,"column":null}},"24":{"start":{"line":53,"column":2},"end":{"line":53,"column":null}},"25":{"start":{"line":53,"column":16},"end":{"line":53,"column":null}},"26":{"start":{"line":54,"column":2},"end":{"line":54,"column":null}},"27":{"start":{"line":57,"column":0},"end":{"line":59,"column":null}},"28":{"start":{"line":58,"column":2},"end":{"line":58,"column":null}},"29":{"start":{"line":63,"column":7},"end":{"line":91,"column":null}},"30":{"start":{"line":96,"column":15},"end":{"line":155,"column":17}},"31":{"start":{"line":100,"column":20},"end":{"line":155,"column":17}},"32":{"start":{"line":101,"column":17},"end":{"line":101,"column":null}},"33":{"start":{"line":105,"column":26},"end":{"line":116,"column":17}},"34":{"start":{"line":110,"column":48},"end":{"line":110,"column":null}},"35":{"start":{"line":111,"column":19},"end":{"line":111,"column":null}},"36":{"start":{"line":111,"column":73},"end":{"line":111,"column":null}},"37":{"start":{"line":112,"column":56},"end":{"line":112,"column":null}},"38":{"start":{"line":114,"column":34},"end":{"line":114,"column":62}},"39":{"start":{"line":120,"column":20},"end":{"line":155,"column":17}},"40":{"start":{"line":121,"column":17},"end":{"line":121,"column":null}},"41":{"start":{"line":125,"column":23},"end":{"line":136,"column":17}},"42":{"start":{"line":130,"column":48},"end":{"line":130,"column":null}},"43":{"start":{"line":131,"column":19},"end":{"line":131,"column":null}},"44":{"start":{"line":131,"column":70},"end":{"line":131,"column":null}},"45":{"start":{"line":132,"column":56},"end":{"line":132,"column":null}},"46":{"start":{"line":134,"column":34},"end":{"line":134,"column":56}},"47":{"start":{"line":140,"column":20},"end":{"line":155,"column":17}},"48":{"start":{"line":141,"column":17},"end":{"line":141,"column":null}},"49":{"start":{"line":145,"column":22},"end":{"line":155,"column":17}},"50":{"start":{"line":150,"column":48},"end":{"line":151,"column":null}},"51":{"start":{"line":153,"column":34},"end":{"line":153,"column":59}}},"fnMap":{"0":{"name":"loadDeletedItems","decl":{"start":{"line":12,"column":15},"end":{"line":12,"column":34}},"loc":{"start":{"line":12,"column":34},"end":{"line":23,"column":null}},"line":12},"1":{"name":"restoreProject","decl":{"start":{"line":25,"column":15},"end":{"line":25,"column":30}},"loc":{"start":{"line":25,"column":42},"end":{"line":32,"column":null}},"line":25},"2":{"name":"restoreTask","decl":{"start":{"line":34,"column":15},"end":{"line":34,"column":27}},"loc":{"start":{"line":34,"column":39},"end":{"line":41,"column":null}},"line":34},"3":{"name":"restoreDocument","decl":{"start":{"line":43,"column":15},"end":{"line":43,"column":31}},"loc":{"start":{"line":43,"column":43},"end":{"line":50,"column":null}},"line":43},"4":{"name":"formatDate","decl":{"start":{"line":52,"column":9},"end":{"line":52,"column":20}},"loc":{"start":{"line":52,"column":44},"end":{"line":55,"column":null}},"line":52},"5":{"name":"(anonymous_5)","decl":{"start":{"line":57,"column":10},"end":{"line":57,"column":16}},"loc":{"start":{"line":57,"column":16},"end":{"line":59,"column":1}},"line":57},"6":{"name":"(anonymous_6)","decl":{"start":{"line":105,"column":41},"end":{"line":105,"column":null}},"loc":{"start":{"line":105,"column":22},"end":{"line":116,"column":17}},"line":105},"7":{"name":"(anonymous_7)","decl":{"start":{"line":114,"column":32},"end":{"line":114,"column":34}},"loc":{"start":{"line":114,"column":34},"end":{"line":114,"column":62}},"line":114},"8":{"name":"(anonymous_8)","decl":{"start":{"line":114,"column":8},"end":{"line":114,"column":16}},"loc":{"start":{"line":116,"column":17},"end":{"line":116,"column":17}},"line":116},"9":{"name":"(anonymous_9)","decl":{"start":{"line":125,"column":35},"end":{"line":125,"column":null}},"loc":{"start":{"line":125,"column":19},"end":{"line":136,"column":17}},"line":125},"10":{"name":"(anonymous_10)","decl":{"start":{"line":134,"column":32},"end":{"line":134,"column":34}},"loc":{"start":{"line":134,"column":34},"end":{"line":134,"column":56}},"line":134},"11":{"name":"(anonymous_11)","decl":{"start":{"line":134,"column":8},"end":{"line":134,"column":16}},"loc":{"start":{"line":136,"column":17},"end":{"line":136,"column":17}},"line":136},"12":{"name":"(anonymous_12)","decl":{"start":{"line":145,"column":38},"end":{"line":145,"column":null}},"loc":{"start":{"line":145,"column":18},"end":{"line":155,"column":17}},"line":145},"13":{"name":"(anonymous_13)","decl":{"start":{"line":153,"column":32},"end":{"line":153,"column":34}},"loc":{"start":{"line":153,"column":34},"end":{"line":153,"column":59}},"line":153},"14":{"name":"(anonymous_14)","decl":{"start":{"line":153,"column":8},"end":{"line":153,"column":16}},"loc":{"start":{"line":155,"column":17},"end":{"line":155,"column":17}},"line":155}},"branchMap":{"0":{"loc":{"start":{"line":53,"column":2},"end":{"line":53,"column":null}},"type":"if","locations":[{"start":{"line":53,"column":2},"end":{"line":53,"column":null}},{"start":{},"end":{}}],"line":53},"1":{"loc":{"start":{"line":75,"column":16},"end":{"line":75,"column":null}},"type":"cond-expr","locations":[{"start":{"line":75,"column":25},"end":{"line":75,"column":null}},{"start":{"line":75,"column":25},"end":{"line":75,"column":null}}],"line":75},"2":{"loc":{"start":{"line":82,"column":16},"end":{"line":82,"column":null}},"type":"cond-expr","locations":[{"start":{"line":82,"column":25},"end":{"line":82,"column":null}},{"start":{"line":82,"column":25},"end":{"line":82,"column":null}}],"line":82},"3":{"loc":{"start":{"line":89,"column":16},"end":{"line":89,"column":null}},"type":"cond-expr","locations":[{"start":{"line":89,"column":25},"end":{"line":89,"column":null}},{"start":{"line":89,"column":25},"end":{"line":89,"column":null}}],"line":89},"4":{"loc":{"start":{"line":96,"column":15},"end":{"line":155,"column":17}},"type":"if","locations":[{"start":{"line":96,"column":15},"end":{"line":155,"column":17}},{"start":{"line":100,"column":20},"end":{"line":155,"column":17}}],"line":96},"5":{"loc":{"start":{"line":100,"column":20},"end":{"line":155,"column":17}},"type":"if","locations":[{"start":{"line":100,"column":20},"end":{"line":155,"column":17}},{"start":{"line":120,"column":20},"end":{"line":155,"column":17}}],"line":100},"6":{"loc":{"start":{"line":101,"column":17},"end":{"line":101,"column":null}},"type":"if","locations":[{"start":{"line":101,"column":17},"end":{"line":101,"column":null}}],"line":101},"7":{"loc":{"start":{"line":111,"column":19},"end":{"line":111,"column":null}},"type":"if","locations":[{"start":{"line":111,"column":19},"end":{"line":111,"column":null}},{"start":{"line":111,"column":92},"end":{"line":111,"column":null}}],"line":111},"8":{"loc":{"start":{"line":120,"column":20},"end":{"line":155,"column":17}},"type":"if","locations":[{"start":{"line":120,"column":20},"end":{"line":155,"column":17}},{"start":{"line":140,"column":20},"end":{"line":155,"column":17}}],"line":120},"9":{"loc":{"start":{"line":121,"column":17},"end":{"line":121,"column":null}},"type":"if","locations":[{"start":{"line":121,"column":17},"end":{"line":121,"column":null}}],"line":121},"10":{"loc":{"start":{"line":131,"column":19},"end":{"line":131,"column":null}},"type":"if","locations":[{"start":{"line":131,"column":19},"end":{"line":131,"column":null}},{"start":{"line":131,"column":86},"end":{"line":131,"column":null}}],"line":131},"11":{"loc":{"start":{"line":140,"column":20},"end":{"line":155,"column":17}},"type":"if","locations":[{"start":{"line":140,"column":20},"end":{"line":155,"column":17}}],"line":140},"12":{"loc":{"start":{"line":141,"column":17},"end":{"line":141,"column":null}},"type":"if","locations":[{"start":{"line":141,"column":17},"end":{"line":141,"column":null}}],"line":141}},"s":{"0":0,"1":0,"2":0,"3":0,"4":0,"5":0,"6":0,"7":0,"8":0,"9":0,"10":0,"11":0,"12":0,"13":0,"14":0,"15":0,"16":0,"17":0,"18":0,"19":0,"20":0,"21":0,"22":0,"23":0,"24":0,"25":0,"26":0,"27":0,"28":0,"29":0,"30":0,"31":0,"32":0,"33":0,"34":0,"35":0,"36":0,"37":0,"38":0,"39":0,"40":0,"41":0,"42":0,"43":0,"44":0,"45":0,"46":0,"47":0,"48":0,"49":0,"50":0,"51":0},"f":{"0":0,"1":0,"2":0,"3":0,"4":0,"5":0,"6":0,"7":0,"8":0,"9":0,"10":0,"11":0,"12":0,"13":0,"14":0},"b":{"0":[0,0],"1":[0,0],"2":[0,0],"3":[0,0],"4":[0,0],"5":[0,0],"6":[0],"7":[0,0],"8":[0,0],"9":[0],"10":[0,0],"11":[0],"12":[0]},"meta":{"lastBranch":13,"lastFunction":15,"lastStatement":52,"seen":{"s:6:6:6:Infinity":0,"s:7:6:7:Infinity":1,"s:8:6:8:Infinity":2,"s:9:6:9:Infinity":3,"s:10:6:10:Infinity":4,"f:12:15:12:34":0,"s:13:2:13:Infinity":5,"s:14:2:22:Infinity":6,"s:15:4:15:Infinity":7,"s:16:4:16:Infinity":8,"s:17:4:17:Infinity":9,"s:19:4:19:Infinity":10,"s:21:4:21:Infinity":11,"f:25:15:25:30":1,"s:26:2:31:Infinity":12,"s:27:4:27:Infinity":13,"s:28:4:28:Infinity":14,"s:30:4:30:Infinity":15,"f:34:15:34:27":2,"s:35:2:40:Infinity":16,"s:36:4:36:Infinity":17,"s:37:4:37:Infinity":18,"s:39:4:39:Infinity":19,"f:43:15:43:31":3,"s:44:2:49:Infinity":20,"s:45:4:45:Infinity":21,"s:46:4:46:Infinity":22,"s:48:4:48:Infinity":23,"f:52:9:52:20":4,"b:53:2:53:Infinity:undefined:undefined:undefined:undefined":0,"s:53:2:53:Infinity":24,"s:53:16:53:Infinity":25,"s:54:2:54:Infinity":26,"s:57:0:59:Infinity":27,"f:57:10:57:16":5,"s:58:2:58:Infinity":28,"s:63:7:91:Infinity":29,"b:75:25:75:Infinity:75:25:75:Infinity":1,"b:82:25:82:Infinity:82:25:82:Infinity":2,"b:89:25:89:Infinity:89:25:89:Infinity":3,"b:96:15:155:17:100:20:155:17":4,"s:96:15:155:17":30,"b:100:20:155:17:120:20:155:17":5,"s:100:20:155:17":31,"b:101:17:101:Infinity":6,"s:101:17:101:Infinity":32,"s:105:26:116:17":33,"f:105:41:105:Infinity":6,"s:110:48:110:Infinity":34,"b:111:19:111:Infinity:111:92:111:Infinity":7,"s:111:19:111:Infinity":35,"s:111:73:111:Infinity":36,"s:112:56:112:Infinity":37,"f:114:32:114:34":7,"s:114:34:114:62":38,"f:114:8:114:16":8,"b:120:20:155:17:140:20:155:17":8,"s:120:20:155:17":39,"b:121:17:121:Infinity":9,"s:121:17:121:Infinity":40,"s:125:23:136:17":41,"f:125:35:125:Infinity":9,"s:130:48:130:Infinity":42,"b:131:19:131:Infinity:131:86:131:Infinity":10,"s:131:19:131:Infinity":43,"s:131:70:131:Infinity":44,"s:132:56:132:Infinity":45,"f:134:32:134:34":10,"s:134:34:134:56":46,"f:134:8:134:16":11,"b:140:20:155:17":11,"s:140:20:155:17":47,"b:141:17:141:Infinity":12,"s:141:17:141:Infinity":48,"s:145:22:155:17":49,"f:145:38:145:Infinity":12,"s:150:48:151:Infinity":50,"f:153:32:153:34":13,"s:153:34:153:59":51,"f:153:8:153:16":14}}}
,"D:\\Projects\\Tauri\\ProjectFlow\\src\\components\\features\\tasks\\GanttChart.vue": {"path":"D:\\Projects\\Tauri\\ProjectFlow\\src\\components\\features\\tasks\\GanttChart.vue","statementMap":{"0":{"start":{"line":25,"column":17},"end":{"line":25,"column":null}},"1":{"start":{"line":10,"column":6},"end":{"line":10,"column":null}},"2":{"start":{"line":11,"column":6},"end":{"line":11,"column":null}},"3":{"start":{"line":13,"column":6},"end":{"line":13,"column":null}},"4":{"start":{"line":14,"column":6},"end":{"line":18,"column":null}},"5":{"start":{"line":20,"column":6},"end":{"line":20,"column":null}},"6":{"start":{"line":23,"column":6},"end":{"line":23,"column":null}},"7":{"start":{"line":24,"column":6},"end":{"line":24,"column":null}},"8":{"start":{"line":27,"column":6},"end":{"line":27,"column":null}},"9":{"start":{"line":27,"column":29},"end":{"line":27,"column":47}},"10":{"start":{"line":29,"column":6},"end":{"line":37,"column":null}},"11":{"start":{"line":30,"column":23},"end":{"line":30,"column":null}},"12":{"start":{"line":31,"column":18},"end":{"line":31,"column":null}},"13":{"start":{"line":32,"column":2},"end":{"line":35,"column":null}},"14":{"start":{"line":33,"column":4},"end":{"line":33,"column":null}},"15":{"start":{"line":34,"column":4},"end":{"line":34,"column":null}},"16":{"start":{"line":36,"column":2},"end":{"line":36,"column":null}},"17":{"start":{"line":41,"column":2},"end":{"line":41,"column":null}},"18":{"start":{"line":41,"column":16},"end":{"line":41,"column":null}},"19":{"start":{"line":43,"column":2},"end":{"line":45,"column":null}},"20":{"start":{"line":44,"column":4},"end":{"line":44,"column":null}},"21":{"start":{"line":47,"column":16},"end":{"line":47,"column":null}},"22":{"start":{"line":48,"column":2},"end":{"line":50,"column":null}},"23":{"start":{"line":49,"column":4},"end":{"line":49,"column":null}},"24":{"start":{"line":51,"column":2},"end":{"line":51,"column":null}},"25":{"start":{"line":56,"column":16},"end":{"line":56,"column":null}},"26":{"start":{"line":57,"column":14},"end":{"line":57,"column":null}},"27":{"start":{"line":59,"column":2},"end":{"line":61,"column":null}},"28":{"start":{"line":60,"column":4},"end":{"line":60,"column":null}},"29":{"start":{"line":63,"column":20},"end":{"line":63,"column":null}},"30":{"start":{"line":64,"column":18},"end":{"line":64,"column":null}},"31":{"start":{"line":66,"column":21},"end":{"line":66,"column":null}},"32":{"start":{"line":67,"column":19},"end":{"line":67,"column":null}},"33":{"start":{"line":70,"column":8},"end":{"line":70,"column":null}},"34":{"start":{"line":71,"column":8},"end":{"line":71,"column":null}},"35":{"start":{"line":74,"column":15},"end":{"line":74,"column":null}},"36":{"start":{"line":75,"column":16},"end":{"line":75,"column":null}},"37":{"start":{"line":78,"column":2},"end":{"line":80,"column":null}},"38":{"start":{"line":79,"column":4},"end":{"line":79,"column":null}},"39":{"start":{"line":82,"column":2},"end":{"line":85,"column":null}},"40":{"start":{"line":89,"column":17},"end":{"line":94,"column":null}},"41":{"start":{"line":95,"column":2},"end":{"line":95,"column":null}},"42":{"start":{"line":99,"column":2},"end":{"line":99,"column":null}},"43":{"start":{"line":99,"column":34},"end":{"line":99,"column":null}},"44":{"start":{"line":100,"column":2},"end":{"line":104,"column":null}},"45":{"start":{"line":101,"column":4},"end":{"line":101,"column":null}},"46":{"start":{"line":103,"column":4},"end":{"line":103,"column":null}},"47":{"start":{"line":108,"column":2},"end":{"line":108,"column":null}},"48":{"start":{"line":108,"column":70},"end":{"line":108,"column":null}},"49":{"start":{"line":110,"column":2},"end":{"line":122,"column":null}},"50":{"start":{"line":111,"column":4},"end":{"line":116,"column":null}},"51":{"start":{"line":117,"column":4},"end":{"line":117,"column":null}},"52":{"start":{"line":118,"column":4},"end":{"line":118,"column":null}},"53":{"start":{"line":119,"column":4},"end":{"line":119,"column":null}},"54":{"start":{"line":121,"column":4},"end":{"line":121,"column":null}},"55":{"start":{"line":126,"column":2},"end":{"line":133,"column":null}},"56":{"start":{"line":127,"column":4},"end":{"line":129,"column":null}},"57":{"start":{"line":130,"column":4},"end":{"line":130,"column":null}},"58":{"start":{"line":132,"column":4},"end":{"line":132,"column":null}},"59":{"start":{"line":137,"column":2},"end":{"line":144,"column":null}},"60":{"start":{"line":138,"column":4},"end":{"line":143,"column":null}},"61":{"start":{"line":139,"column":6},"end":{"line":139,"column":null}},"62":{"start":{"line":140,"column":6},"end":{"line":140,"column":null}},"63":{"start":{"line":142,"column":6},"end":{"line":142,"column":null}},"64":{"start":{"line":148,"column":2},"end":{"line":148,"column":null}},"65":{"start":{"line":148,"column":13},"end":{"line":148,"column":null}},"66":{"start":{"line":149,"column":12},"end":{"line":149,"column":null}},"67":{"start":{"line":150,"column":2},"end":{"line":150,"column":null}},"68":{"start":{"line":150,"column":10},"end":{"line":150,"column":null}},"69":{"start":{"line":151,"column":8},"end":{"line":151,"column":null}},"70":{"start":{"line":152,"column":2},"end":{"line":152,"column":null}},"71":{"start":{"line":156,"column":2},"end":{"line":156,"column":null}},"72":{"start":{"line":160,"column":2},"end":{"line":160,"column":null}},"73":{"start":{"line":160,"column":16},"end":{"line":160,"column":null}},"74":{"start":{"line":161,"column":2},"end":{"line":161,"column":null}},"75":{"start":{"line":165,"column":0},"end":{"line":175,"column":null}},"76":{"start":{"line":166,"column":8},"end":{"line":166,"column":null}},"77":{"start":{"line":168,"column":4},"end":{"line":172,"column":null}},"78":{"start":{"line":169,"column":6},"end":{"line":169,"column":null}},"79":{"start":{"line":170,"column":6},"end":{"line":170,"column":null}},"80":{"start":{"line":171,"column":6},"end":{"line":171,"column":null}},"81":{"start":{"line":178,"column":0},"end":{"line":184,"column":null}},"82":{"start":{"line":179,"column":8},"end":{"line":179,"column":null}},"83":{"start":{"line":181,"column":4},"end":{"line":181,"column":null}},"84":{"start":{"line":187,"column":0},"end":{"line":193,"column":null}},"85":{"start":{"line":188,"column":8},"end":{"line":188,"column":null}},"86":{"start":{"line":190,"column":4},"end":{"line":190,"column":null}},"87":{"start":{"line":196,"column":19},"end":{"line":196,"column":null}},"88":{"start":{"line":197,"column":2},"end":{"line":202,"column":null}},"89":{"start":{"line":198,"column":16},"end":{"line":198,"column":null}},"90":{"start":{"line":199,"column":4},"end":{"line":199,"column":null}},"91":{"start":{"line":200,"column":4},"end":{"line":200,"column":null}},"92":{"start":{"line":201,"column":4},"end":{"line":201,"column":null}},"93":{"start":{"line":204,"column":29},"end":{"line":204,"column":null}},"94":{"start":{"line":205,"column":29},"end":{"line":205,"column":null}},"95":{"start":{"line":207,"column":2},"end":{"line":216,"column":null}},"96":{"start":{"line":208,"column":19},"end":{"line":208,"column":null}},"97":{"start":{"line":209,"column":17},"end":{"line":209,"column":null}},"98":{"start":{"line":210,"column":4},"end":{"line":212,"column":null}},"99":{"start":{"line":211,"column":6},"end":{"line":211,"column":null}},"100":{"start":{"line":211,"column":40},"end":{"line":211,"column":null}},"101":{"start":{"line":213,"column":4},"end":{"line":215,"column":null}},"102":{"start":{"line":214,"column":6},"end":{"line":214,"column":null}},"103":{"start":{"line":214,"column":38},"end":{"line":214,"column":null}},"104":{"start":{"line":218,"column":2},"end":{"line":224,"column":null}},"105":{"start":{"line":219,"column":14},"end":{"line":219,"column":null}},"106":{"start":{"line":220,"column":4},"end":{"line":223,"column":null}},"107":{"start":{"line":221,"column":6},"end":{"line":221,"column":null}},"108":{"start":{"line":221,"column":35},"end":{"line":221,"column":null}},"109":{"start":{"line":222,"column":6},"end":{"line":222,"column":null}},"110":{"start":{"line":222,"column":35},"end":{"line":222,"column":null}},"111":{"start":{"line":227,"column":14},"end":{"line":227,"column":null}},"112":{"start":{"line":228,"column":2},"end":{"line":228,"column":null}},"113":{"start":{"line":229,"column":2},"end":{"line":229,"column":null}},"114":{"start":{"line":234,"column":7},"end":{"line":234,"column":null}},"115":{"start":{"line":238,"column":32},"end":{"line":238,"column":null}},"116":{"start":{"line":247,"column":15},"end":{"line":265,"column":null}},"117":{"start":{"line":251,"column":30},"end":{"line":265,"column":null}},"118":{"start":{"line":254,"column":18},"end":{"line":254,"column":null}},"119":{"start":{"line":257,"column":23},"end":{"line":257,"column":null}},"120":{"start":{"line":264,"column":19},"end":{"line":264,"column":null}},"121":{"start":{"line":265,"column":22},"end":{"line":265,"column":null}},"122":{"start":{"line":265,"column":69},"end":{"line":265,"column":null}},"123":{"start":{"line":282,"column":46},"end":{"line":282,"column":null}},"124":{"start":{"line":284,"column":26},"end":{"line":291,"column":null}},"125":{"start":{"line":287,"column":42},"end":{"line":291,"column":null}},"126":{"start":{"line":297,"column":17},"end":{"line":308,"column":null}},"127":{"start":{"line":301,"column":50},"end":{"line":301,"column":null}},"128":{"start":{"line":302,"column":40},"end":{"line":308,"column":null}},"129":{"start":{"line":304,"column":20},"end":{"line":308,"column":null}},"130":{"start":{"line":306,"column":33},"end":{"line":308,"column":null}},"131":{"start":{"line":317,"column":25},"end":{"line":352,"column":null}},"132":{"start":{"line":322,"column":56},"end":{"line":327,"column":null}},"133":{"start":{"line":331,"column":30},"end":{"line":335,"column":null}},"134":{"start":{"line":334,"column":45},"end":{"line":335,"column":null}},"135":{"start":{"line":340,"column":20},"end":{"line":345,"column":null}},"136":{"start":{"line":342,"column":22},"end":{"line":345,"column":null}},"137":{"start":{"line":348,"column":42},"end":{"line":352,"column":null}},"138":{"start":{"line":350,"column":22},"end":{"line":352,"column":null}},"139":{"start":{"line":352,"column":35},"end":{"line":352,"column":null}},"140":{"start":{"line":359,"column":19},"end":{"line":359,"column":null}},"141":{"start":{"line":366,"column":66},"end":{"line":366,"column":null}},"142":{"start":{"line":370,"column":26},"end":{"line":370,"column":46}},"143":{"start":{"line":374,"column":26},"end":{"line":374,"column":51}},"144":{"start":{"line":378,"column":26},"end":{"line":378,"column":52}},"145":{"start":{"line":381,"column":60},"end":{"line":381,"column":94}},"146":{"start":{"line":382,"column":18},"end":{"line":382,"column":43}},"147":{"start":{"line":381,"column":96},"end":{"line":381,"column":105}},"148":{"start":{"line":382,"column":34},"end":{"line":382,"column":43}}},"fnMap":{"0":{"name":"(anonymous_0)","decl":{"start":{"line":27,"column":23},"end":{"line":27,"column":29}},"loc":{"start":{"line":27,"column":29},"end":{"line":27,"column":47}},"line":27},"1":{"name":"(anonymous_1)","decl":{"start":{"line":29,"column":27},"end":{"line":29,"column":33}},"loc":{"start":{"line":29,"column":33},"end":{"line":37,"column":1}},"line":29},"2":{"name":"parseDate","decl":{"start":{"line":40,"column":9},"end":{"line":40,"column":19}},"loc":{"start":{"line":40,"column":68},"end":{"line":52,"column":null}},"line":40},"3":{"name":"getTaskStyle","decl":{"start":{"line":55,"column":9},"end":{"line":55,"column":22}},"loc":{"start":{"line":55,"column":33},"end":{"line":86,"column":null}},"line":55},"4":{"name":"getStatusColor","decl":{"start":{"line":88,"column":9},"end":{"line":88,"column":24}},"loc":{"start":{"line":88,"column":40},"end":{"line":96,"column":null}},"line":88},"5":{"name":"loadMilestones","decl":{"start":{"line":98,"column":15},"end":{"line":98,"column":32}},"loc":{"start":{"line":98,"column":32},"end":{"line":105,"column":null}},"line":98},"6":{"name":"createMilestone","decl":{"start":{"line":107,"column":15},"end":{"line":107,"column":33}},"loc":{"start":{"line":107,"column":33},"end":{"line":123,"column":null}},"line":107},"7":{"name":"toggleMilestoneStatus","decl":{"start":{"line":125,"column":15},"end":{"line":125,"column":37}},"loc":{"start":{"line":125,"column":59},"end":{"line":134,"column":null}},"line":125},"8":{"name":"deleteMilestone","decl":{"start":{"line":136,"column":15},"end":{"line":136,"column":31}},"loc":{"start":{"line":136,"column":43},"end":{"line":145,"column":null}},"line":136},"9":{"name":"getMilestonePosition","decl":{"start":{"line":147,"column":9},"end":{"line":147,"column":30}},"loc":{"start":{"line":147,"column":51},"end":{"line":153,"column":null}},"line":147},"10":{"name":"formatDate","decl":{"start":{"line":155,"column":9},"end":{"line":155,"column":20}},"loc":{"start":{"line":155,"column":32},"end":{"line":157,"column":null}},"line":155},"11":{"name":"formatDateFull","decl":{"start":{"line":159,"column":9},"end":{"line":159,"column":24}},"loc":{"start":{"line":159,"column":48},"end":{"line":162,"column":null}},"line":159},"12":{"name":"(anonymous_12)","decl":{"start":{"line":166,"column":2},"end":{"line":166,"column":8}},"loc":{"start":{"line":166,"column":8},"end":{"line":166,"column":null}},"line":166},"13":{"name":"(anonymous_13)","decl":{"start":{"line":167,"column":2},"end":{"line":167,"column":9}},"loc":{"start":{"line":167,"column":23},"end":{"line":173,"column":null}},"line":167},"14":{"name":"(anonymous_14)","decl":{"start":{"line":179,"column":2},"end":{"line":179,"column":8}},"loc":{"start":{"line":179,"column":8},"end":{"line":179,"column":null}},"line":179},"15":{"name":"(anonymous_15)","decl":{"start":{"line":180,"column":2},"end":{"line":180,"column":8}},"loc":{"start":{"line":180,"column":8},"end":{"line":182,"column":null}},"line":180},"16":{"name":"(anonymous_16)","decl":{"start":{"line":188,"column":2},"end":{"line":188,"column":8}},"loc":{"start":{"line":188,"column":8},"end":{"line":188,"column":null}},"line":188},"17":{"name":"(anonymous_17)","decl":{"start":{"line":189,"column":2},"end":{"line":189,"column":8}},"loc":{"start":{"line":189,"column":8},"end":{"line":191,"column":null}},"line":189},"18":{"name":"updateDateRange","decl":{"start":{"line":195,"column":9},"end":{"line":195,"column":27}},"loc":{"start":{"line":195,"column":27},"end":{"line":230,"column":null}},"line":195},"19":{"name":"(anonymous_19)","decl":{"start":{"line":207,"column":19},"end":{"line":207,"column":20}},"loc":{"start":{"line":207,"column":29},"end":{"line":216,"column":3}},"line":207},"20":{"name":"(anonymous_20)","decl":{"start":{"line":218,"column":27},"end":{"line":218,"column":28}},"loc":{"start":{"line":218,"column":34},"end":{"line":224,"column":3}},"line":218},"21":{"name":"(anonymous_21)","decl":{"start":{"line":238,"column":30},"end":{"line":238,"column":32}},"loc":{"start":{"line":238,"column":32},"end":{"line":238,"column":null}},"line":238},"22":{"name":"(anonymous_22)","decl":{"start":{"line":238,"column":6},"end":{"line":238,"column":14}},"loc":{"start":{"line":243,"column":15},"end":{"line":243,"column":15}},"line":243},"23":{"name":"(anonymous_23)","decl":{"start":{"line":251,"column":40},"end":{"line":251,"column":null}},"loc":{"start":{"line":251,"column":26},"end":{"line":265,"column":null}},"line":251},"24":{"name":"(anonymous_24)","decl":{"start":{"line":284,"column":35},"end":{"line":284,"column":null}},"loc":{"start":{"line":284,"column":22},"end":{"line":291,"column":null}},"line":284},"25":{"name":"(anonymous_25)","decl":{"start":{"line":302,"column":50},"end":{"line":302,"column":null}},"loc":{"start":{"line":302,"column":36},"end":{"line":308,"column":null}},"line":302},"26":{"name":"(anonymous_26)","decl":{"start":{"line":317,"column":30},"end":{"line":317,"column":null}},"loc":{"start":{"line":317,"column":21},"end":{"line":352,"column":null}},"line":317},"27":{"name":"(anonymous_27)","decl":{"start":{"line":331,"column":39},"end":{"line":331,"column":null}},"loc":{"start":{"line":331,"column":26},"end":{"line":335,"column":null}},"line":331},"28":{"name":"(anonymous_28)","decl":{"start":{"line":348,"column":52},"end":{"line":348,"column":null}},"loc":{"start":{"line":348,"column":38},"end":{"line":352,"column":null}},"line":348},"29":{"name":"(anonymous_29)","decl":{"start":{"line":366,"column":64},"end":{"line":366,"column":66}},"loc":{"start":{"line":366,"column":66},"end":{"line":366,"column":null}},"line":366},"30":{"name":"(anonymous_30)","decl":{"start":{"line":366,"column":4},"end":{"line":366,"column":12}},"loc":{"start":{"line":385,"column":12},"end":{"line":382,"column":43}},"line":385},"31":{"name":"(anonymous_31)","decl":{"start":{"line":370,"column":39},"end":{"line":370,"column":44}},"loc":{"start":{"line":370,"column":26},"end":{"line":370,"column":46}},"line":370},"32":{"name":"(anonymous_32)","decl":{"start":{"line":374,"column":39},"end":{"line":374,"column":49}},"loc":{"start":{"line":374,"column":26},"end":{"line":374,"column":51}},"line":374},"33":{"name":"(anonymous_33)","decl":{"start":{"line":378,"column":39},"end":{"line":378,"column":50}},"loc":{"start":{"line":378,"column":26},"end":{"line":378,"column":52}},"line":378},"34":{"name":"(anonymous_34)","decl":{"start":{"line":381,"column":58},"end":{"line":381,"column":60}},"loc":{"start":{"line":381,"column":60},"end":{"line":381,"column":94}},"line":381},"35":{"name":"(anonymous_35)","decl":{"start":{"line":381,"column":10},"end":{"line":381,"column":18}},"loc":{"start":{"line":381,"column":105},"end":{"line":381,"column":105}},"line":381},"36":{"name":"(anonymous_36)","decl":{"start":{"line":382,"column":10},"end":{"line":382,"column":18}},"loc":{"start":{"line":382,"column":43},"end":{"line":382,"column":43}},"line":382},"37":{"name":"(anonymous_37)","decl":{"start":{"line":381,"column":94},"end":{"line":381,"column":96}},"loc":{"start":{"line":381,"column":96},"end":{"line":381,"column":105}},"line":381},"38":{"name":"(anonymous_38)","decl":{"start":{"line":382,"column":32},"end":{"line":382,"column":34}},"loc":{"start":{"line":382,"column":34},"end":{"line":382,"column":43}},"line":382}},"branchMap":{"0":{"loc":{"start":{"line":41,"column":2},"end":{"line":41,"column":null}},"type":"if","locations":[{"start":{"line":41,"column":2},"end":{"line":41,"column":null}},{"start":{},"end":{}}],"line":41},"1":{"loc":{"start":{"line":43,"column":2},"end":{"line":45,"column":null}},"type":"if","locations":[{"start":{"line":43,"column":2},"end":{"line":45,"column":null}},{"start":{},"end":{}}],"line":43},"2":{"loc":{"start":{"line":48,"column":2},"end":{"line":50,"column":null}},"type":"if","locations":[{"start":{"line":48,"column":2},"end":{"line":50,"column":null}},{"start":{},"end":{}}],"line":48},"3":{"loc":{"start":{"line":59,"column":2},"end":{"line":61,"column":null}},"type":"if","locations":[{"start":{"line":59,"column":2},"end":{"line":61,"column":null}},{"start":{},"end":{}}],"line":59},"4":{"loc":{"start":{"line":59,"column":6},"end":{"line":59,"column":22}},"type":"binary-expr","locations":[{"start":{"line":59,"column":6},"end":{"line":59,"column":16}},{"start":{"line":59,"column":16},"end":{"line":59,"column":22}}],"line":59},"5":{"loc":{"start":{"line":63,"column":20},"end":{"line":63,"column":null}},"type":"binary-expr","locations":[{"start":{"line":63,"column":20},"end":{"line":63,"column":29}},{"start":{"line":63,"column":29},"end":{"line":63,"column":null}}],"line":63},"6":{"loc":{"start":{"line":64,"column":18},"end":{"line":64,"column":null}},"type":"binary-expr","locations":[{"start":{"line":64,"column":18},"end":{"line":64,"column":25}},{"start":{"line":64,"column":25},"end":{"line":64,"column":null}}],"line":64},"7":{"loc":{"start":{"line":71,"column":8},"end":{"line":71,"column":null}},"type":"binary-expr","locations":[{"start":{"line":71,"column":8},"end":{"line":71,"column":96}},{"start":{"line":71,"column":96},"end":{"line":71,"column":null}}],"line":71},"8":{"loc":{"start":{"line":78,"column":2},"end":{"line":80,"column":null}},"type":"if","locations":[{"start":{"line":78,"column":2},"end":{"line":80,"column":null}},{"start":{},"end":{}}],"line":78},"9":{"loc":{"start":{"line":78,"column":6},"end":{"line":78,"column":92}},"type":"binary-expr","locations":[{"start":{"line":78,"column":6},"end":{"line":78,"column":50}},{"start":{"line":78,"column":50},"end":{"line":78,"column":92}}],"line":78},"10":{"loc":{"start":{"line":95,"column":9},"end":{"line
[...]
,"D:\\Projects\\Tauri\\ProjectFlow\\src\\stores\\projectStore.ts": {"path":"D:\\Projects\\Tauri\\ProjectFlow\\src\\stores\\projectStore.ts","statementMap":{"0":{"start":{"line":5,"column":13},"end":{"line":188,"column":null}},"1":{"start":{"line":6,"column":8},"end":{"line":6,"column":null}},"2":{"start":{"line":7,"column":8},"end":{"line":7,"column":null}},"3":{"start":{"line":8,"column":8},"end":{"line":8,"column":null}},"4":{"start":{"line":9,"column":8},"end":{"line":9,"column":null}},"5":{"start":{"line":10,"column":8},"end":{"line":10,"column":null}},"6":{"start":{"line":12,"column":8},"end":{"line":14,"column":null}},"7":{"start":{"line":13,"column":4},"end":{"line":13,"column":null}},"8":{"start":{"line":13,"column":33},"end":{"line":13,"column":47}},"9":{"start":{"line":16,"column":8},"end":{"line":18,"column":null}},"10":{"start":{"line":17,"column":4},"end":{"line":17,"column":null}},"11":{"start":{"line":17,"column":33},"end":{"line":17,"column":47}},"12":{"start":{"line":21,"column":8},"end":{"line":33,"column":null}},"13":{"start":{"line":22,"column":48},"end":{"line":22,"column":null}},"14":{"start":{"line":23,"column":4},"end":{"line":31,"column":null}},"15":{"start":{"line":24,"column":27},"end":{"line":24,"column":null}},"16":{"start":{"line":24,"column":53},"end":{"line":24,"column":79}},"17":{"start":{"line":25,"column":6},"end":{"line":30,"column":null}},"18":{"start":{"line":26,"column":8},"end":{"line":26,"column":null}},"19":{"start":{"line":28,"column":31},"end":{"line":28,"column":null}},"20":{"start":{"line":28,"column":58},"end":{"line":28,"column":72}},"21":{"start":{"line":29,"column":8},"end":{"line":29,"column":null}},"22":{"start":{"line":32,"column":4},"end":{"line":32,"column":null}},"23":{"start":{"line":36,"column":4},"end":{"line":36,"column":null}},"24":{"start":{"line":37,"column":4},"end":{"line":37,"column":null}},"25":{"start":{"line":38,"column":4},"end":{"line":44,"column":null}},"26":{"start":{"line":39,"column":6},"end":{"line":39,"column":null}},"27":{"start":{"line":41,"column":6},"end":{"line":41,"column":null}},"28":{"start":{"line":43,"column":6},"end":{"line":43,"column":null}},"29":{"start":{"line":48,"column":4},"end":{"line":48,"column":null}},"30":{"start":{"line":49,"column":4},"end":{"line":49,"column":null}},"31":{"start":{"line":50,"column":4},"end":{"line":56,"column":null}},"32":{"start":{"line":51,"column":6},"end":{"line":51,"column":null}},"33":{"start":{"line":53,"column":6},"end":{"line":53,"column":null}},"34":{"start":{"line":55,"column":6},"end":{"line":55,"column":null}},"35":{"start":{"line":60,"column":4},"end":{"line":60,"column":null}},"36":{"start":{"line":61,"column":4},"end":{"line":61,"column":null}},"37":{"start":{"line":62,"column":4},"end":{"line":71,"column":null}},"38":{"start":{"line":63,"column":22},"end":{"line":63,"column":null}},"39":{"start":{"line":64,"column":6},"end":{"line":64,"column":null}},"40":{"start":{"line":65,"column":6},"end":{"line":65,"column":null}},"41":{"start":{"line":67,"column":6},"end":{"line":67,"column":null}},"42":{"start":{"line":68,"column":6},"end":{"line":68,"column":null}},"43":{"start":{"line":70,"column":6},"end":{"line":70,"column":null}},"44":{"start":{"line":75,"column":4},"end":{"line":75,"column":null}},"45":{"start":{"line":76,"column":4},"end":{"line":76,"column":null}},"46":{"start":{"line":77,"column":4},"end":{"line":88,"column":null}},"47":{"start":{"line":78,"column":6},"end":{"line":78,"column":null}},"48":{"start":{"line":79,"column":6},"end":{"line":79,"column":null}},"49":{"start":{"line":79,"column":52},"end":{"line":79,"column":63}},"50":{"start":{"line":80,"column":6},"end":{"line":82,"column":null}},"51":{"start":{"line":81,"column":8},"end":{"line":81,"column":null}},"52":{"start":{"line":84,"column":6},"end":{"line":84,"column":null}},"53":{"start":{"line":85,"column":6},"end":{"line":85,"column":null}},"54":{"start":{"line":87,"column":6},"end":{"line":87,"column":null}},"55":{"start":{"line":92,"column":4},"end":{"line":92,"column":null}},"56":{"start":{"line":93,"column":4},"end":{"line":93,"column":null}},"57":{"start":{"line":94,"column":4},"end":{"line":108,"column":null}},"58":{"start":{"line":95,"column":6},"end":{"line":95,"column":null}},"59":{"start":{"line":96,"column":20},"end":{"line":96,"column":null}},"60":{"start":{"line":96,"column":52},"end":{"line":96,"column":63}},"61":{"start":{"line":97,"column":6},"end":{"line":99,"column":null}},"62":{"start":{"line":98,"column":8},"end":{"line":98,"column":null}},"63":{"start":{"line":100,"column":6},"end":{"line":102,"column":null}},"64":{"start":{"line":101,"column":8},"end":{"line":101,"column":null}},"65":{"start":{"line":104,"column":6},"end":{"line":104,"column":null}},"66":{"start":{"line":105,"column":6},"end":{"line":105,"column":null}},"67":{"start":{"line":107,"column":6},"end":{"line":107,"column":null}},"68":{"start":{"line":112,"column":4},"end":{"line":112,"column":null}},"69":{"start":{"line":113,"column":4},"end":{"line":113,"column":null}},"70":{"start":{"line":114,"column":4},"end":{"line":120,"column":null}},"71":{"start":{"line":115,"column":6},"end":{"line":115,"column":null}},"72":{"start":{"line":117,"column":6},"end":{"line":117,"column":null}},"73":{"start":{"line":119,"column":6},"end":{"line":119,"column":null}},"74":{"start":{"line":124,"column":4},"end":{"line":124,"column":null}},"75":{"start":{"line":125,"column":4},"end":{"line":125,"column":null}},"76":{"start":{"line":126,"column":4},"end":{"line":135,"column":null}},"77":{"start":{"line":127,"column":19},"end":{"line":127,"column":null}},"78":{"start":{"line":128,"column":6},"end":{"line":128,"column":null}},"79":{"start":{"line":129,"column":6},"end":{"line":129,"column":null}},"80":{"start":{"line":131,"column":6},"end":{"line":131,"column":null}},"81":{"start":{"line":132,"column":6},"end":{"line":132,"column":null}},"82":{"start":{"line":134,"column":6},"end":{"line":134,"column":null}},"83":{"start":{"line":139,"column":4},"end":{"line":139,"column":null}},"84":{"start":{"line":140,"column":4},"end":{"line":140,"column":null}},"85":{"start":{"line":141,"column":4},"end":{"line":152,"column":null}},"86":{"start":{"line":142,"column":6},"end":{"line":142,"column":null}},"87":{"start":{"line":143,"column":20},"end":{"line":143,"column":null}},"88":{"start":{"line":143,"column":49},"end":{"line":143,"column":60}},"89":{"start":{"line":144,"column":6},"end":{"line":146,"column":null}},"90":{"start":{"line":145,"column":8},"end":{"line":145,"column":null}},"91":{"start":{"line":148,"column":6},"end":{"line":148,"column":null}},"92":{"start":{"line":149,"column":6},"end":{"line":149,"column":null}},"93":{"start":{"line":151,"column":6},"end":{"line":151,"column":null}},"94":{"start":{"line":156,"column":4},"end":{"line":156,"column":null}},"95":{"start":{"line":157,"column":4},"end":{"line":157,"column":null}},"96":{"start":{"line":158,"column":4},"end":{"line":166,"column":null}},"97":{"start":{"line":159,"column":6},"end":{"line":159,"column":null}},"98":{"start":{"line":160,"column":6},"end":{"line":160,"column":null}},"99":{"start":{"line":160,"column":46},"end":{"line":160,"column":57}},"100":{"start":{"line":162,"column":6},"end":{"line":162,"column":null}},"101":{"start":{"line":163,"column":6},"end":{"line":163,"column":null}},"102":{"start":{"line":165,"column":6},"end":{"line":165,"column":null}},"103":{"start":{"line":169,"column":2},"end":{"line":187,"column":null}}},"fnMap":{"0":{"name":"(anonymous_0)","decl":{"start":{"line":5,"column":55},"end":{"line":5,"column":61}},"loc":{"start":{"line":5,"column":61},"end":{"line":188,"column":1}},"line":5},"1":{"name":"(anonymous_1)","decl":{"start":{"line":12,"column":34},"end":{"line":12,"column":null}},"loc":{"start":{"line":13,"column":4},"end":{"line":13,"column":null}},"line":13},"2":{"name":"(anonymous_2)","decl":{"start":{"line":13,"column":26},"end":{"line":13,"column":27}},"loc":{"start":{"line":13,"column":33},"end":{"line":13,"column":47}},"line":13},"3":{"name":"(anonymous_3)","decl":{"start":{"line":16,"column":37},"end":{"line":16,"column":null}},"loc":{"start":{"line":17,"column":4},"end":{"line":17,"column":null}},"line":17},"4":{"name":"(anonymous_4)","decl":{"start":{"line":17,"column":26},"end":{"line":17,"column":27}},"loc":{"start":{"line":17,"column":33},"end":{"line":17,"column":47}},"line":17},"5":{"name":"(anonymous_5)","decl":{"start":{"line":21,"column":35},"end":{"line":21,"column":41}},"loc":{"start":{"line":21,"column":41},"end":{"line":33,"column":3}},"line":21},"6":{"name":"(anonymous_6)","decl":{"start":{"line":23,"column":27},"end":{"line":23,"column":28}},"loc":{"start":{"line":23,"column":40},"end":{"line":31,"column":5}},"line":23},"7":{"name":"(anonymous_7)","decl":{"start":{"line":24,"column":46},"end":{"line":24,"column":47}},"loc":{"start":{"line":24,"column":53},"end":{"line":24,"column":79}},"line":24},"8":{"name":"(anonymous_8)","decl":{"start":{"line":28,"column":51},"end":{"line":28,"column":52}},"loc":{"start":{"line":28,"column":58},"end":{"line":28,"column":72}},"line":28},"9":{"name":"fetchProjects","decl":{"start":{"line":35,"column":17},"end":{"line":35,"column":33}},"loc":{"start":{"line":35,"column":33},"end":{"line":45,"column":null}},"line":35},"10":{"name":"fetchProject","decl":{"start":{"line":47,"column":17},"end":{"line":47,"column":30}},"loc":{"start":{"line":47,"column":42},"end":{"line":57,"column":null}},"line":47},"11":{"name":"createProject","decl":{"start":{"line":59,"column":17},"end":{"line":59,"column":31}},"loc":{"start":{"line":59,"column":59},"end":{"line":72,"column":null}},"line":59},"12":{"name":"deleteProject","decl":{"start":{"line":74,"column":17},"end":{"line":74,"column":31}},"loc":{"start":{"line":74,"column":43},"end":{"line":89,"column":null}},"line":74},"13":{"name":"(anonymous_13)","decl":{"start":{"line":79,"column":45},"end":{"line":79,"column":46}},"loc":{"start":{"line":79,"column":52},"end":{"line":79,"column":63}},"line":79},"14":{"name":"updateProject","decl":{"start":{"line":91,"column":17},"end":{"line":91,"column":31}},"loc":{"start":{"line":91,"column":71},"end":{"line":109,"column":null}},"line":91},"15":{"name":"(anonymous_15)","decl":{"start":{"line":96,"column":45},"end":{"line":96,"column":46}},"loc":{"start":{"line":96,"column":52},"end":{"line":96,"column":63}},"line":96},"16":{"name":"fetchTasks","decl":{"start":{"line":111,"column":17},"end":{"line":111,"column":28}},"loc":{"start":{"line":111,"column":47},"end":{"line":121,"column":null}},"line":111},"17":{"name":"createTask","decl":{"start":{"line":123,"column":17},"end":{"line":123,"column":28}},"loc":{"start":{"line":123,"column":53},"end":{"line":136,"column":null}},"line":123},"18":{"name":"updateTask","decl":{"start":{"line":138,"column":17},"end":{"line":138,"column":28}},"loc":{"start":{"line":138,"column":65},"end":{"line":153,"column":null}},"line":138},"19":{"name":"(anonymous_19)","decl":{"start":{"line":143,"column":42},"end":{"line":143,"column":43}},"loc":{"start":{"line":143,"column":49},"end":{"line":143,"column":60}},"line":143},"20":{"name":"deleteTask","decl":{"start":{"line":155,"column":17},"end":{"line":155,"column":28}},"loc":{"start":{"line":155,"column":40},"end":{"line":167,"column":null}},"line":155},"21":{"name":"(anonymous_21)","decl":{"start":{"line":160,"column":39},"end":{"line":160,"column":40}},"loc":{"start":{"line":160,"column":46},"end":{"line":160,"column":57}},"line":160}},"branchMap":{"0":{"loc":{"start":{"line":25,"column":6},"end":{"line":30,"column":null}},"type":"if","locations":[{"start":{"line":25,"column":6},"end":{"line":30,"column":null}},{"start":{"line":27,"column":13},"end":{"line":30,"column":null}}],"line":25},"1":{"loc":{"start":{"line":80,"column":6},"end":{"line":82,"column":null}},"type":"if","locations":[{"start":{"line":80,"column":6},"end":{"line":82,"column":null}},{"start":{},"end":{}}],"line":80},"2":{"loc":{"start":{"line":97,"column":6},"end":{"line":99,"column":null}},"type":"if","locations":[{"start":{"line":97,"column":6},"end":{"line":99,"column":null}},{"start":{},"end":{}}],"line":97},"3":{"loc":{"start":{"line":100,"column":6},"end":{"line":102,"column":null}},"type":"if","locations":[{"start":{"line":100,"column":6},"end":{"line":102,"column":null}},{"start":{},"end":{}}],"line":100},"4":{"loc":{"start":{"line":144,"column":6},"end":{"line":146,"column":null}},"type":"if","locations":[{"start":{"line":144,"column":6},"end":{"line":146,"column":null}},{"start":{},"end":{}}],"line":144}},"s":{"0":0,"1":0,"2":0,"3":0,"4":0,"5":0,"6":0,"7":0,"8":0,"9":0,"10":0,"11":0,"12":0,"13":0,"14":0,"15":0,"16":0,"17":0,"18":0,"19":0,"20":0,"21":0,"22":0,"23":0,"24":0,"25":0,"26":0,"27":0,"28":0,"29":0,"30":0,"31":0,"32":0,"33":0,"34":0,"35":0,"36":0,"37":0,"38":0,"39":0,"40":0,"41":0,"42":0,"43":0,"44":0,"45":0,"46":0,"47":0,"48":0,"49":0,"50":0,"51":0,"52":0,"53":0,"54":0,"55":0,"56":0,"57":0,"58":0,"59":0,"60":0,"61":0,"62":0,"63":0,"64":0,"65":0,"66":0,"67":0,"68":0,"69":0,"70":0,"71":0,"72":0,"73":0,"74":0,"75":0,"76":0,"77":0,"78":0,"79":0,"80":0,"81":0,"82":0,"83":0,"84":0,"85":0,"86":0,"87":0,"88":0,"89":0,"90":0,"91":0,"92":0,"93":0,"94":0,"95":0,"96":0,"97":0,"98":0,"99":0,"100":0,"101":0,"102":0,"103":0},"f":{"0":0,"1":0,"2":0,"3":0,"4":0,"5":0,"6":0,"7":0,"8":0,"9":0,"10":0,"11":0,"12":0,"13":0,"14":0,"15":0,"16":0,"17":0,"18":0,"19":0,"20":0,"21":0},"b":{"0":[0,0],"1":[0,0],"2":[0,0],"3":[0,0],"4":[0,0]},"meta":{"lastBranch":5,"lastFunction":22,"lastStatement":104,"seen":{"s:5:13:188:Infinity":0,"f:5:55:5:61":0,"s:6:8:6:Infinity":1,"s:7:8:7:Infinity":2,"s:8:8:8:Infinity":3,"s:9:8:9:Infinity":4,"s:10:8:10:Infinity":5,"s:12:8:14:Infinity":6,"f:12:34:12:Infinity":1,"s:13:4:13:Infinity":7,"f:13:26:13:27":2,"s:13:33:13:47":8,"s:16:8:18:Infinity":9,"f:16:37:16:Infinity":3,"s:17:4:17:Infinity":10,"f:17:26:17:27":4,"s:17:33:17:47":11,"s:21:8:33:Infinity":12,"f:21:35:21:41":5,"s:22:48:22:Infinity":13,"s:23:4:31:Infinity":14,"f:23:27:23:28":6,"s:24:27:24:Infinity":15,"f:24:46:24:47":7,"s:24:53:24:79":16,"b:25:6:30:Infinity:27:13:30:Infinity":0,"s:25:6:30:Infinity":17,"s:26:8:26:Infinity":18,"s:28:31:28:Infinity":19,"f:28:51:28:52":8,"s:28:58:28:72":20,"s:29:8:29:Infinity":21,"s:32:4:32:Infinity":22,"f:35:17:35:33":9,"s:36:4:36:Infinity":23,"s:37:4:37:Infinity":24,"s:38:4:44:Infinity":25,"s:39:6:39:Infinity":26,"s:41:6:41:Infinity":27,"s:43:6:43:Infinity":28,"f:47:17:47:30":10,"s:48:4:48:Infinity":29,"s:49:4:49:Infinity":30,"s:50:4:56:Infinity":31,"s:51:6:51:Infinity":32,"s:53:6:53:Infinity":33,"s:55:6:55:Infinity":34,"f:59:17:59:31":11,"s:60:4:60:Infinity":35,"s:61:4:61:Infinity":36,"s:62:4:71:Infinity":37,"s:63:22:63:Infinity":38,"s:64:6:64:Infinity":39,"s:65:6:65:Infinity":40,"s:67:6:67:Infinity":41,"s:68:6:68:Infinity":42,"s:70:6:70:Infinity":43,"f:74:17:74:31":12,"s:75:4:75:Infinity":44,"s:76:4:76:Infinity":45,"s:77:4:88:Infinity":46,"s:78:6:78:Infinity":47,"s:79:6:79:Infinity":48,"f:79:45:79:46":13,"s:79:52:79:63":49,"b:80:6:82:Infinity:undefined:undefined:undefined:undefined":1,"s:80:6:82:Infinity":50,"s:81:8:81:Infinity":51,"s:84:6:84:Infinity":52,"s:85:6:85:Infinity":53,"s:87:6:87:Infinity":54,"f:91:17:91:31":14,"s:92:4:92:Infinity":55,"s:93:4:93:Infinity":56,"s:94:4:108:Infinity":57,"s:95:6:95:Infinity":58,"s:96:20:96:Infinity":59,"f:96:45:96:46":15,"s:96:52:96:63":60,"b:97:6:99:Infinity:undefined:undefined:undefined:undefined":2,"s:97:6:99:Infinity":61,"s:98:8:98:Infinity":62,"b:100:6:102:Infinity:undefined:undefined:undefined:undefined":3,"s:100:6:102:Infinity":63,"s:101:8:101:Infinity":64,"s:104:6:104:Infinity":65,"s:105:6:105:Infinity":66,"s:107:6:107:Infinity":67,"f:111:17:111:28":16,"s:112:4:112:Infinity":68,"s:113:4:113:Infinity":69,"s:114:4:120:Infinity":70,"s:115:6:115:Infinity":71,"s:117:6:117:Infinity":72,"s:119:6:119:Infinity":73,"f:123:17:123:28":17,"s:124:4:124:Infinity":74,"s:125:4:125:Infinity":75,"s:126:4:135:Infinity":76,"s:127:19:127:Infinity":77,"s:128:6:128:Infinity":78,"s:129:6:129:Infinity":79,"s:131:6:131:Infinity":80,"s:132:6:132:Infinity":81,"s:134:6:134:Infinity":82,"f:138:17:138:28":18,"s:139:4:139:Infinity":83,"s:140:4:140:Infinity":84,"s:141:4:152:Infinity":85,"s:142:6:142:Infinity":86,"s:143:20:143:Infinity":87,"f:143:42:143:43":19,"s:143:49:143:60":88,"b:144:6:146:Infinity:undefined:undefined:undefined:undefined":4,"s:144:6:146:Infinity":89,"s:145:8:145:Infinity":90,"s:148:6:148:Infinity":91,"s:149:6:149:Infinity":92,"s:151:6:151:Infinity":93,"f:155:17:155:28":20,"s:156:4:156:Infinity":94,"s:157:4:157:Infinity":95,"s:158:4:166:Infinity":96,"s:159:6:159:Infinity":97,"s:160:6:160:Infinity":98,"f:160:39:160:40":21,"s:160:46:160:57":99,"s:162:6:162:Infinity":100,"s:163:6:163:Infinity":101,"s:165:6:165:Infinity":102,"s:169:2:187:Infinity":103}}}
,"D:\\Projects\\Tauri\\ProjectFlow\\src\\stores\\uiStore.ts": {"path":"D:\\Projects\\Tauri\\ProjectFlow\\src\\stores\\uiStore.ts","statementMap":{"0":{"start":{"line":7,"column":13},"end":{"line":39,"column":null}},"1":{"start":{"line":8,"column":8},"end":{"line":8,"column":null}},"2":{"start":{"line":9,"column":8},"end":{"line":9,"column":null}},"3":{"start":{"line":10,"column":8},"end":{"line":10,"column":null}},"4":{"start":{"line":11,"column":8},"end":{"line":11,"column":null}},"5":{"start":{"line":14,"column":4},"end":{"line":14,"column":null}},"6":{"start":{"line":18,"column":4},"end":{"line":18,"column":null}},"7":{"start":{"line":22,"column":4},"end":{"line":22,"column":null}},"8":{"start":{"line":26,"column":4},"end":{"line":26,"column":null}},"9":{"start":{"line":29,"column":2},"end":{"line":38,"column":null}}},"fnMap":{"0":{"name":"(anonymous_0)","decl":{"start":{"line":7,"column":44},"end":{"line":7,"column":50}},"loc":{"start":{"line":7,"column":50},"end":{"line":39,"column":1}},"line":7},"1":{"name":"setView","decl":{"start":{"line":13,"column":11},"end":{"line":13,"column":19}},"loc":{"start":{"line":13,"column":35},"end":{"line":15,"column":null}},"line":13},"2":{"name":"setTaskViewMode","decl":{"start":{"line":17,"column":11},"end":{"line":17,"column":27}},"loc":{"start":{"line":17,"column":47},"end":{"line":19,"column":null}},"line":17},"3":{"name":"toggleSidebar","decl":{"start":{"line":21,"column":11},"end":{"line":21,"column":27}},"loc":{"start":{"line":21,"column":27},"end":{"line":23,"column":null}},"line":21},"4":{"name":"selectProject","decl":{"start":{"line":25,"column":11},"end":{"line":25,"column":25}},"loc":{"start":{"line":25,"column":51},"end":{"line":27,"column":null}},"line":25}},"branchMap":{},"s":{"0":1,"1":7,"2":7,"3":7,"4":7,"5":4,"6":1,"7":2,"8":3,"9":7},"f":{"0":7,"1":4,"2":1,"3":2,"4":3},"b":{},"meta":{"lastBranch":0,"lastFunction":5,"lastStatement":10,"seen":{"s:7:13:39:Infinity":0,"f:7:44:7:50":0,"s:8:8:8:Infinity":1,"s:9:8:9:Infinity":2,"s:10:8:10:Infinity":3,"s:11:8:11:Infinity":4,"f:13:11:13:19":1,"s:14:4:14:Infinity":5,"f:17:11:17:27":2,"s:18:4:18:Infinity":6,"f:21:11:21:27":3,"s:22:4:22:Infinity":7,"f:25:11:25:25":4,"s:26:4:26:Infinity":8,"s:29:2:38:Infinity":9}}}
}
